#
# A fatal error has been detected by the Java Runtime Environment:
#
#  EXCEPTION_ACCESS_VIOLATION (0xc0000005) at pc=0x00007ffdebfb3cb0, pid=6864, tid=1396
#
# JRE version: Java(TM) SE Runtime Environment (13.0.2+8) (build 13.0.2+8)
# Java VM: Java HotSpot(TM) 64-Bit Server VM (13.0.2+8, mixed mode, sharing, tiered, compressed oops, g1 gc, windows-amd64)
# Problematic frame:
# V  [jvm.dll+0x103cb0]
#
# No core dump will be written. Minidumps are not enabled by default on client versions of Windows
#
# If you would like to submit a bug report, please visit:
#   http://bugreport.java.com/bugreport/crash.jsp
#

---------------  S U M M A R Y ------------

Command Line: -Dfile.encoding=UTF-8 --module-path=C:\java fx-sdk-13.0.2\lib --add-modules=javafx.controls,javafx.fxml --module-path=C:\Users\angel\Documents\NetBeansProjects\BiaxialTester\build\classes;C:\javafx-sdk-13.0.2\lib\javafx-swt.jar;C:\javafx-sdk-13.0.2\lib\javafx.base.jar;C:\javafx-sdk-13.0.2\lib\javafx.controls.jar;C:\javafx-sdk-13.0.2\lib\javafx.fxml.jar;C:\javafx-sdk-13.0.2\lib\javafx.graphics.jar;C:\javafx-sdk-13.0.2\lib\javafx.media.jar;C:\javafx-sdk-13.0.2\lib\javafx.swing.jar;C:\javafx-sdk-13.0.2\lib\javafx.web.jar biaxialtester.BiaxialTesterMain

Host: Intel(R) Core(TM) i7-4771 CPU @ 3.50GHz, 8 cores, 15G,  Windows 10 , 64 bit Build 19041 (10.0.19041.1348)
Time: Fri May 27 22:52:55 2022 Hora de verano romance elapsed time: 22 seconds (0d 0h 0m 22s)

---------------  T H R E A D  ---------------

Current thread (0x000002468313c800):  JavaThread "Thread-4" [_thread_in_vm, id=1396, stack(0x0000007c5fd50000,0x0000007c5fe50000)]

Stack: [0x0000007c5fd50000,0x0000007c5fe50000],  sp=0x0000007c5fe4ee28,  free space=1019k
Native frames: (J=compiled Java code, j=interpreted, Vv=VM code, C=native code)
V  [jvm.dll+0x103cb0]

Java frames: (J=compiled Java code, j=interpreted, Vv=VM code)
j  com.fazecast.jSerialComm.SerialPort.writeBytes(J[BJJI)I+0
j  com.fazecast.jSerialComm.SerialPort.writeBytes([BJ)I+38
j  biaxialtesterpcproject.BiaxialTesterPCSoftwareController$MyThread.run()V+70
j  java.lang.Thread.run()V+11 java.base@13.0.2
v  ~StubRoutines::call_stub

siginfo: EXCEPTION_ACCESS_VIOLATION (0xc0000005), reading address 0x0000000000000000


Register to memory mapping:

RIP=0x00007ffdebfb3cb0 jvm.dll
RAX=0x0 is NULL
RBX=0x000002468313c800 is a thread
RCX=0x0 is NULL
RDX=0x0000000000000006 is an unknown value
RSP=0x0000007c5fe4ee28 is pointing into the stack for thread: 0x000002468313c800
RBP=0x000002468313c800 is a thread
RSI=0x0 is NULL
RDI=0x0 is NULL
R8 =0x0 is NULL
R9 =0x0000007c5fe4ee59 is pointing into the stack for thread: 0x000002468313c800
R10=0x0 is NULL
R11=0x0000007c5fe4eea0 is pointing into the stack for thread: 0x000002468313c800
R12=0x0 is NULL
R13={method} {0x00000246ff47f130} 'writeBytes' '(J[BJJI)I' in 'com/fazecast/jSerialComm/SerialPort'
R14=0x0000007c5fe4f000 is pointing into the stack for thread: 0x000002468313c800
R15=0x000002468313c800 is a thread


Registers:
RAX=0x0000000000000000, RBX=0x000002468313c800, RCX=0x0000000000000000, RDX=0x0000000000000006
RSP=0x0000007c5fe4ee28, RBP=0x000002468313c800, RSI=0x0000000000000000, RDI=0x0000000000000000
R8 =0x0000000000000000, R9 =0x0000007c5fe4ee59, R10=0x0000000000000000, R11=0x0000007c5fe4eea0
R12=0x0000000000000000, R13=0x00000246ff47f128, R14=0x0000007c5fe4f000, R15=0x000002468313c800
RIP=0x00007ffdebfb3cb0, EFLAGS=0x0000000000010246

Top of Stack: (sp=0x0000007c5fe4ee28)
0x0000007c5fe4ee28:   00007ffdec274900 000002468313c800
0x0000007c5fe4ee38:   0000000000000000 0000000000001034
0x0000007c5fe4ee48:   000002468313c800 0000000000000000
0x0000007c5fe4ee58:   0000000000000006 00000246f9137b70
0x0000007c5fe4ee68:   0000004000000003 00001131f259e3fa
0x0000007c5fe4ee78:   000002468313c800 00000246ff47f128
0x0000007c5fe4ee88:   0000000000000000 0000000000000000
0x0000007c5fe4ee98:   0000000000000001 000002468313c800
0x0000007c5fe4eea8:   0000007c5fe4f040 0000000000000000
0x0000007c5fe4eeb8:   00007ffe29123fd4 00000246fa0959c0
0x0000007c5fe4eec8:   0000000000000000 000002468313cb10
0x0000007c5fe4eed8:   0000000000000000 00000246ff47f128
0x0000007c5fe4eee8:   000002468313c800 0000000000000000
0x0000007c5fe4eef8:   0000000000000000 0000000000000000
0x0000007c5fe4ef08:   0000000000001034 0000000000000001
0x0000007c5fe4ef18:   0000007c5fe4efe0 00000246ff47f128 

Instructions: (pc=0x00007ffdebfb3cb0)
0x00007ffdebfb3bb0:   48 8b ce 48 85 c0 74 03 48 8b 08 e8 b0 49 28 00
0x00007ffdebfb3bc0:   48 8b 44 24 48 48 85 c0 74 03 48 8b 30 33 d2 48
0x00007ffdebfb3bd0:   89 b7 e8 02 00 00 48 8b cf e8 f2 ba 62 00 48 8b
0x00007ffdebfb3be0:   cf e8 5a 3b 63 00 48 85 db 74 08 48 8b cb e8 6d
0x00007ffdebfb3bf0:   6d 4f 00 48 8d 4c 24 58 e8 13 96 1c 00 48 8b 8c
0x00007ffdebfb3c00:   24 80 00 00 00 48 33 cc e8 53 c6 69 00 4c 8d 9c
0x00007ffdebfb3c10:   24 90 00 00 00 49 8b 5b 18 49 8b 73 20 49 8b e3
0x00007ffdebfb3c20:   5f c3 cc cc cc cc cc cc cc cc cc cc cc cc cc cc
0x00007ffdebfb3c30:   48 89 4c 24 08 48 89 54 24 10 4c 89 44 24 18 4c
0x00007ffdebfb3c40:   89 4c 24 20 48 83 ec 28 4c 8b c1 4c 8d 4c 24 38
0x00007ffdebfb3c50:   48 8d 0d 69 e3 94 00 ba 02 00 00 00 e8 df ec 42
0x00007ffdebfb3c60:   00 48 83 c4 28 c3 cc cc cc cc cc cc cc cc cc cc
0x00007ffdebfb3c70:   48 89 4c 24 08 48 89 54 24 10 4c 89 44 24 18 4c
0x00007ffdebfb3c80:   89 4c 24 20 48 83 ec 28 4c 8b c1 4c 8d 4c 24 38
0x00007ffdebfb3c90:   48 8d 0d 29 e3 94 00 ba 05 00 00 00 e8 9f ec 42
0x00007ffdebfb3ca0:   00 48 83 c4 28 c3 cc cc cc cc cc cc cc cc cc cc
0x00007ffdebfb3cb0:   48 8b 01 c3 cc cc cc cc cc cc cc cc cc cc cc cc
0x00007ffdebfb3cc0:   48 89 5c 24 08 48 89 74 24 10 57 48 83 ec 20 48
0x00007ffdebfb3cd0:   8b f9 48 8b 9f d0 00 00 00 48 85 db 74 08 48 8b
0x00007ffdebfb3ce0:   cb e8 1a 6b 4f 00 8b b7 d8 00 00 00 c1 ee 1d 40
0x00007ffdebfb3cf0:   80 e6 01 75 07 40 88 b7 a4 03 00 00 48 85 db 74
0x00007ffdebfb3d00:   08 48 8b cb e8 57 6c 4f 00 40 84 f6 74 11 48 8b
0x00007ffdebfb3d10:   cf e8 8a fd 62 00 c6 87 a4 03 00 00 01 eb b3 48
0x00007ffdebfb3d20:   8b 5c 24 30 48 8b 74 24 38 48 83 c4 20 5f c3 cc
0x00007ffdebfb3d30:   4c 8b dc 53 56 48 81 ec a8 00 00 00 48 8b 05 35
0x00007ffdebfb3d40:   5d 92 00 48 33 c4 48 89 44 24 78 65 48 8b 04 25
0x00007ffdebfb3d50:   58 00 00 00 8b da 8b 15 38 1a 9c 00 49 89 6b 20
0x00007ffdebfb3d60:   4d 89 63 e0 4d 89 6b d8 4d 8b e8 48 8b 04 d0 4d
0x00007ffdebfb3d70:   89 73 d0 4c 8b f1 be 08 00 00 00 4d 89 7b c8 48
0x00007ffdebfb3d80:   8b 34 06 48 8b d6 48 8d 8e f0 02 00 00 e8 ee 0e
0x00007ffdebfb3d90:   1d 00 c7 86 88 03 00 00 07 00 00 00 e8 af 2d 51
0x00007ffdebfb3da0:   00 83 3d 58 0d 99 00 01 75 0e 48 8b 86 08 01 00 


Stack slot to memory mapping:
stack at sp + 0 slots: 0x00007ffdec274900 jvm.dll
stack at sp + 1 slots: 0x000002468313c800 is a thread
stack at sp + 2 slots: 0x0 is NULL
stack at sp + 3 slots: 0x0000000000001034 is an unknown value
stack at sp + 4 slots: 0x000002468313c800 is a thread
stack at sp + 5 slots: 0x0 is NULL
stack at sp + 6 slots: 0x0000000000000006 is an unknown value
stack at sp + 7 slots: 0x00000246f9137b70 points into unknown readable memory: 00 38 65 ec fd 7f 00 00


---------------  P R O C E S S  ---------------

Threads class SMR info:
_java_thread_list=0x0000024682abbb30, length=18, elements={
0x00000246d4a4b800, 0x00000246f86a3800, 0x00000246f86a8800, 0x00000246f86c4800,
0x00000246f86c5800, 0x00000246f86c7800, 0x00000246f86c8800, 0x00000246f86c9800,
0x00000246f906c000, 0x00000246f94cd000, 0x00000246f98b6800, 0x00000246f96c6800,
0x00000246f9752800, 0x00000246f9ed5800, 0x00000246f9ed2800, 0x0000024683227800,
0x00000246830e5800, 0x000002468313c800
}

Java Threads: ( => current thread )
  0x00000246d4a4b800 JavaThread "main" [_thread_blocked, id=4628, stack(0x0000007c5d700000,0x0000007c5d800000)]
  0x00000246f86a3800 JavaThread "Reference Handler" daemon [_thread_blocked, id=5436, stack(0x0000007c5de00000,0x0000007c5df00000)]
  0x00000246f86a8800 JavaThread "Finalizer" daemon [_thread_blocked, id=6464, stack(0x0000007c5df00000,0x0000007c5e000000)]
  0x00000246f86c4800 JavaThread "Signal Dispatcher" daemon [_thread_blocked, id=14160, stack(0x0000007c5e000000,0x0000007c5e100000)]
  0x00000246f86c5800 JavaThread "Attach Listener" daemon [_thread_blocked, id=7284, stack(0x0000007c5e100000,0x0000007c5e200000)]
  0x00000246f86c7800 JavaThread "C2 CompilerThread0" daemon [_thread_blocked, id=15784, stack(0x0000007c5e200000,0x0000007c5e300000)]
  0x00000246f86c8800 JavaThread "C1 CompilerThread0" daemon [_thread_blocked, id=10984, stack(0x0000007c5e300000,0x0000007c5e400000)]
  0x00000246f86c9800 JavaThread "Sweeper thread" daemon [_thread_blocked, id=6224, stack(0x0000007c5e400000,0x0000007c5e500000)]
  0x00000246f906c000 JavaThread "Common-Cleaner" daemon [_thread_blocked, id=8296, stack(0x0000007c5e500000,0x0000007c5e600000)]
  0x00000246f94cd000 JavaThread "Service Thread" daemon [_thread_blocked, id=11072, stack(0x0000007c5e800000,0x0000007c5e900000)]
  0x00000246f98b6800 JavaThread "QuantumRenderer-0" daemon [_thread_blocked, id=14900, stack(0x0000007c5ea00000,0x0000007c5eb00000)]
  0x00000246f96c6800 JavaThread "InvokeLaterDispatcher" daemon [_thread_blocked, id=14080, stack(0x0000007c5ec00000,0x0000007c5ed00000)]
  0x00000246f9752800 JavaThread "JavaFX Application Thread" [_thread_blocked, id=1876, stack(0x0000007c5ed00000,0x0000007c5ee00000)]
  0x00000246f9ed5800 JavaThread "JavaFX-Launcher" [_thread_blocked, id=6192, stack(0x0000007c5f000000,0x0000007c5f100000)]
  0x00000246f9ed2800 JavaThread "Thread-2" daemon [_thread_in_native, id=13456, stack(0x0000007c5ef00000,0x0000007c5f000000)]
  0x0000024683227800 JavaThread "Prism Font Disposer" daemon [_thread_blocked, id=13148, stack(0x0000007c5f900000,0x0000007c5fa00000)]
  0x00000246830e5800 JavaThread "Cleaner-0" daemon [_thread_blocked, id=7152, stack(0x0000007c5fa40000,0x0000007c5fb40000)]
=>0x000002468313c800 JavaThread "Thread-4" [_thread_in_vm, id=1396, stack(0x0000007c5fd50000,0x0000007c5fe50000)]

Other Threads:
  0x00000246f86a1800 VMThread "VM Thread" [stack: 0x0000007c5dd00000,0x0000007c5de00000] [id=9112]
  0x00000246f977b800 WatcherThread [stack: 0x0000007c5e900000,0x0000007c5ea00000] [id=784]
  0x00000246d4ab5000 GCTaskThread "GC Thread#0" [stack: 0x0000007c5d800000,0x0000007c5d900000] [id=15168]
  0x00000246fa132800 GCTaskThread "GC Thread#1" [stack: 0x0000007c5f100000,0x0000007c5f200000] [id=6180]
  0x00000246fa05a000 GCTaskThread "GC Thread#2" [stack: 0x0000007c5f200000,0x0000007c5f300000] [id=13072]
  0x00000246fa05b000 GCTaskThread "GC Thread#3" [stack: 0x0000007c5f300000,0x0000007c5f400000] [id=11364]
  0x00000246fa05b800 GCTaskThread "GC Thread#4" [stack: 0x0000007c5f400000,0x0000007c5f500000] [id=6376]
  0x00000246f9f87000 GCTaskThread "GC Thread#5" [stack: 0x0000007c5f500000,0x0000007c5f600000] [id=4984]
  0x00000246d4ad6800 ConcurrentGCThread "G1 Main Marker" [stack: 0x0000007c5d900000,0x0000007c5da00000] [id=3484]
  0x00000246d4ad9000 ConcurrentGCThread "G1 Conc#0" [stack: 0x0000007c5da00000,0x0000007c5db00000] [id=15408]
  0x00000246f859b800 ConcurrentGCThread "G1 Refine#0" [stack: 0x0000007c5db00000,0x0000007c5dc00000] [id=14628]
  0x00000246f859d800 ConcurrentGCThread "G1 Young RemSet Sampling" [stack: 0x0000007c5dc00000,0x0000007c5dd00000] [id=252]

Threads with active compile tasks:

VM state:not at safepoint (normal execution)

VM Mutex/Monitor currently owned by a thread: None

Heap address: 0x0000000700c00000, size: 4084 MB, Compressed Oops mode: Zero based, Oop shift amount: 3
Narrow klass base: 0x0000000800000000, Narrow klass shift: 3
Compressed class space size: 1073741824 Address: 0x0000000800b40000

Heap:
 garbage-first heap   total 262144K, used 58127K [0x0000000700c00000, 0x0000000800000000)
  region size 1024K, 55 young (56320K), 3 survivors (3072K)
 Metaspace       used 19337K, capacity 20428K, committed 20736K, reserved 1067008K
  class space    used 2840K, capacity 3270K, committed 3328K, reserved 1048576K
Heap Regions: E=young(eden), S=young(survivor), O=old, HS=humongous(starts), HC=humongous(continues), CS=collection set, F=free, A=archive, TAMS=top-at-mark-start (previous, next)
|   0|0x0000000700c00000, 0x0000000700cc3c00, 0x0000000700d00000| 76%| O|  |TAMS 0x0000000700c00000, 0x0000000700c00000| Untracked 
|   1|0x0000000700d00000, 0x0000000700e00000, 0x0000000700e00000|100%|HS|  |TAMS 0x0000000700d00000, 0x0000000700d00000| Complete 
|   2|0x0000000700e00000, 0x0000000700f00000, 0x0000000700f00000|100%|HC|  |TAMS 0x0000000700e00000, 0x0000000700e00000| Complete 
|   3|0x0000000700f00000, 0x0000000700f00000, 0x0000000701000000|  0%| F|  |TAMS 0x0000000700f00000, 0x0000000700f00000| Untracked 
|   4|0x0000000701000000, 0x0000000701000000, 0x0000000701100000|  0%| F|  |TAMS 0x0000000701000000, 0x0000000701000000| Untracked 
|   5|0x0000000701100000, 0x0000000701100000, 0x0000000701200000|  0%| F|  |TAMS 0x0000000701100000, 0x0000000701100000| Untracked 
|   6|0x0000000701200000, 0x0000000701200000, 0x0000000701300000|  0%| F|  |TAMS 0x0000000701200000, 0x0000000701200000| Untracked 
|   7|0x0000000701300000, 0x0000000701300000, 0x0000000701400000|  0%| F|  |TAMS 0x0000000701300000, 0x0000000701300000| Untracked 
|   8|0x0000000701400000, 0x0000000701400000, 0x0000000701500000|  0%| F|  |TAMS 0x0000000701400000, 0x0000000701400000| Untracked 
|   9|0x0000000701500000, 0x0000000701500000, 0x0000000701600000|  0%| F|  |TAMS 0x0000000701500000, 0x0000000701500000| Untracked 
|  10|0x0000000701600000, 0x0000000701600000, 0x0000000701700000|  0%| F|  |TAMS 0x0000000701600000, 0x0000000701600000| Untracked 
|  11|0x0000000701700000, 0x0000000701700000, 0x0000000701800000|  0%| F|  |TAMS 0x0000000701700000, 0x0000000701700000| Untracked 
|  12|0x0000000701800000, 0x0000000701800000, 0x0000000701900000|  0%| F|  |TAMS 0x0000000701800000, 0x0000000701800000| Untracked 
|  13|0x0000000701900000, 0x0000000701900000, 0x0000000701a00000|  0%| F|  |TAMS 0x0000000701900000, 0x0000000701900000| Untracked 
|  14|0x0000000701a00000, 0x0000000701a00000, 0x0000000701b00000|  0%| F|  |TAMS 0x0000000701a00000, 0x0000000701a00000| Untracked 
|  15|0x0000000701b00000, 0x0000000701b00000, 0x0000000701c00000|  0%| F|  |TAMS 0x0000000701b00000, 0x0000000701b00000| Untracked 
|  16|0x0000000701c00000, 0x0000000701c00000, 0x0000000701d00000|  0%| F|  |TAMS 0x0000000701c00000, 0x0000000701c00000| Untracked 
|  17|0x0000000701d00000, 0x0000000701d00000, 0x0000000701e00000|  0%| F|  |TAMS 0x0000000701d00000, 0x0000000701d00000| Untracked 
|  18|0x0000000701e00000, 0x0000000701e00000, 0x0000000701f00000|  0%| F|  |TAMS 0x0000000701e00000, 0x0000000701e00000| Untracked 
|  19|0x0000000701f00000, 0x0000000701f00000, 0x0000000702000000|  0%| F|  |TAMS 0x0000000701f00000, 0x0000000701f00000| Untracked 
|  20|0x0000000702000000, 0x0000000702000000, 0x0000000702100000|  0%| F|  |TAMS 0x0000000702000000, 0x0000000702000000| Untracked 
|  21|0x0000000702100000, 0x0000000702100000, 0x0000000702200000|  0%| F|  |TAMS 0x0000000702100000, 0x0000000702100000| Untracked 
|  22|0x0000000702200000, 0x0000000702200000, 0x0000000702300000|  0%| F|  |TAMS 0x0000000702200000, 0x0000000702200000| Untracked 
|  23|0x0000000702300000, 0x0000000702300000, 0x0000000702400000|  0%| F|  |TAMS 0x0000000702300000, 0x0000000702300000| Untracked 
|  24|0x0000000702400000, 0x0000000702400000, 0x0000000702500000|  0%| F|  |TAMS 0x0000000702400000, 0x0000000702400000| Untracked 
|  25|0x0000000702500000, 0x0000000702500000, 0x0000000702600000|  0%| F|  |TAMS 0x0000000702500000, 0x0000000702500000| Untracked 
|  26|0x0000000702600000, 0x0000000702600000, 0x0000000702700000|  0%| F|  |TAMS 0x0000000702600000, 0x0000000702600000| Untracked 
|  27|0x0000000702700000, 0x0000000702700000, 0x0000000702800000|  0%| F|  |TAMS 0x0000000702700000, 0x0000000702700000| Untracked 
|  28|0x0000000702800000, 0x0000000702800000, 0x0000000702900000|  0%| F|  |TAMS 0x0000000702800000, 0x0000000702800000| Untracked 
|  29|0x0000000702900000, 0x0000000702900000, 0x0000000702a00000|  0%| F|  |TAMS 0x0000000702900000, 0x0000000702900000| Untracked 
|  30|0x0000000702a00000, 0x0000000702a00000, 0x0000000702b00000|  0%| F|  |TAMS 0x0000000702a00000, 0x0000000702a00000| Untracked 
|  31|0x0000000702b00000, 0x0000000702b00000, 0x0000000702c00000|  0%| F|  |TAMS 0x0000000702b00000, 0x0000000702b00000| Untracked 
|  32|0x0000000702c00000, 0x0000000702c00000, 0x0000000702d00000|  0%| F|  |TAMS 0x0000000702c00000, 0x0000000702c00000| Untracked 
|  33|0x0000000702d00000, 0x0000000702d00000, 0x0000000702e00000|  0%| F|  |TAMS 0x0000000702d00000, 0x0000000702d00000| Untracked 
|  34|0x0000000702e00000, 0x0000000702e00000, 0x0000000702f00000|  0%| F|  |TAMS 0x0000000702e00000, 0x0000000702e00000| Untracked 
|  35|0x0000000702f00000, 0x0000000702f00000, 0x0000000703000000|  0%| F|  |TAMS 0x0000000702f00000, 0x0000000702f00000| Untracked 
|  36|0x0000000703000000, 0x0000000703000000, 0x0000000703100000|  0%| F|  |TAMS 0x0000000703000000, 0x0000000703000000| Untracked 
|  37|0x0000000703100000, 0x0000000703100000, 0x0000000703200000|  0%| F|  |TAMS 0x0000000703100000, 0x0000000703100000| Untracked 
|  38|0x0000000703200000, 0x0000000703200000, 0x0000000703300000|  0%| F|  |TAMS 0x0000000703200000, 0x0000000703200000| Untracked 
|  39|0x0000000703300000, 0x0000000703300000, 0x0000000703400000|  0%| F|  |TAMS 0x0000000703300000, 0x0000000703300000| Untracked 
|  40|0x0000000703400000, 0x0000000703400000, 0x0000000703500000|  0%| F|  |TAMS 0x0000000703400000, 0x0000000703400000| Untracked 
|  41|0x0000000703500000, 0x0000000703500000, 0x0000000703600000|  0%| F|  |TAMS 0x0000000703500000, 0x0000000703500000| Untracked 
|  42|0x0000000703600000, 0x0000000703600000, 0x0000000703700000|  0%| F|  |TAMS 0x0000000703600000, 0x0000000703600000| Untracked 
|  43|0x0000000703700000, 0x0000000703700000, 0x0000000703800000|  0%| F|  |TAMS 0x0000000703700000, 0x0000000703700000| Untracked 
|  44|0x0000000703800000, 0x0000000703800000, 0x0000000703900000|  0%| F|  |TAMS 0x0000000703800000, 0x0000000703800000| Untracked 
|  45|0x0000000703900000, 0x0000000703900000, 0x0000000703a00000|  0%| F|  |TAMS 0x0000000703900000, 0x0000000703900000| Untracked 
|  46|0x0000000703a00000, 0x0000000703a00000, 0x0000000703b00000|  0%| F|  |TAMS 0x0000000703a00000, 0x0000000703a00000| Untracked 
|  47|0x0000000703b00000, 0x0000000703b00000, 0x0000000703c00000|  0%| F|  |TAMS 0x0000000703b00000, 0x0000000703b00000| Untracked 
|  48|0x0000000703c00000, 0x0000000703c00000, 0x0000000703d00000|  0%| F|  |TAMS 0x0000000703c00000, 0x0000000703c00000| Untracked 
|  49|0x0000000703d00000, 0x0000000703d00000, 0x0000000703e00000|  0%| F|  |TAMS 0x0000000703d00000, 0x0000000703d00000| Untracked 
|  50|0x0000000703e00000, 0x0000000703e00000, 0x0000000703f00000|  0%| F|  |TAMS 0x0000000703e00000, 0x0000000703e00000| Untracked 
|  51|0x0000000703f00000, 0x0000000703f00000, 0x0000000704000000|  0%| F|  |TAMS 0x0000000703f00000, 0x0000000703f00000| Untracked 
|  52|0x0000000704000000, 0x0000000704000000, 0x0000000704100000|  0%| F|  |TAMS 0x0000000704000000, 0x0000000704000000| Untracked 
|  53|0x0000000704100000, 0x0000000704100000, 0x0000000704200000|  0%| F|  |TAMS 0x0000000704100000, 0x0000000704100000| Untracked 
|  54|0x0000000704200000, 0x0000000704200000, 0x0000000704300000|  0%| F|  |TAMS 0x0000000704200000, 0x0000000704200000| Untracked 
|  55|0x0000000704300000, 0x0000000704300000, 0x0000000704400000|  0%| F|  |TAMS 0x0000000704300000, 0x0000000704300000| Untracked 
|  56|0x0000000704400000, 0x0000000704400000, 0x0000000704500000|  0%| F|  |TAMS 0x0000000704400000, 0x0000000704400000| Untracked 
|  57|0x0000000704500000, 0x0000000704500000, 0x0000000704600000|  0%| F|  |TAMS 0x0000000704500000, 0x0000000704500000| Untracked 
|  58|0x0000000704600000, 0x0000000704600000, 0x0000000704700000|  0%| F|  |TAMS 0x0000000704600000, 0x0000000704600000| Untracked 
|  59|0x0000000704700000, 0x0000000704700000, 0x0000000704800000|  0%| F|  |TAMS 0x0000000704700000, 0x0000000704700000| Untracked 
|  60|0x0000000704800000, 0x0000000704800000, 0x0000000704900000|  0%| F|  |TAMS 0x0000000704800000, 0x0000000704800000| Untracked 
|  61|0x0000000704900000, 0x0000000704900000, 0x0000000704a00000|  0%| F|  |TAMS 0x0000000704900000, 0x0000000704900000| Untracked 
|  62|0x0000000704a00000, 0x0000000704a00000, 0x0000000704b00000|  0%| F|  |TAMS 0x0000000704a00000, 0x0000000704a00000| Untracked 
|  63|0x0000000704b00000, 0x0000000704b00000, 0x0000000704c00000|  0%| F|  |TAMS 0x0000000704b00000, 0x0000000704b00000| Untracked 
|  64|0x0000000704c00000, 0x0000000704c00000, 0x0000000704d00000|  0%| F|  |TAMS 0x0000000704c00000, 0x0000000704c00000| Untracked 
|  65|0x0000000704d00000, 0x0000000704d00000, 0x0000000704e00000|  0%| F|  |TAMS 0x0000000704d00000, 0x0000000704d00000| Untracked 
|  66|0x0000000704e00000, 0x0000000704e00000, 0x0000000704f00000|  0%| F|  |TAMS 0x0000000704e00000, 0x0000000704e00000| Untracked 
|  67|0x0000000704f00000, 0x0000000704f00000, 0x0000000705000000|  0%| F|  |TAMS 0x0000000704f00000, 0x0000000704f00000| Untracked 
|  68|0x0000000705000000, 0x0000000705000000, 0x0000000705100000|  0%| F|  |TAMS 0x0000000705000000, 0x0000000705000000| Untracked 
|  69|0x0000000705100000, 0x0000000705100000, 0x0000000705200000|  0%| F|  |TAMS 0x0000000705100000, 0x0000000705100000| Untracked 
|  70|0x0000000705200000, 0x0000000705200000, 0x0000000705300000|  0%| F|  |TAMS 0x0000000705200000, 0x0000000705200000| Untracked 
|  71|0x0000000705300000, 0x0000000705300000, 0x0000000705400000|  0%| F|  |TAMS 0x0000000705300000, 0x0000000705300000| Untracked 
|  72|0x0000000705400000, 0x0000000705400000, 0x0000000705500000|  0%| F|  |TAMS 0x0000000705400000, 0x0000000705400000| Untracked 
|  73|0x0000000705500000, 0x0000000705500000, 0x0000000705600000|  0%| F|  |TAMS 0x0000000705500000, 0x0000000705500000| Untracked 
|  74|0x0000000705600000, 0x0000000705600000, 0x0000000705700000|  0%| F|  |TAMS 0x0000000705600000, 0x0000000705600000| Untracked 
|  75|0x0000000705700000, 0x0000000705700000, 0x0000000705800000|  0%| F|  |TAMS 0x0000000705700000, 0x0000000705700000| Untracked 
|  76|0x0000000705800000, 0x0000000705800000, 0x0000000705900000|  0%| F|  |TAMS 0x0000000705800000, 0x0000000705800000| Untracked 
|  77|0x0000000705900000, 0x0000000705900000, 0x0000000705a00000|  0%| F|  |TAMS 0x0000000705900000, 0x0000000705900000| Untracked 
|  78|0x0000000705a00000, 0x0000000705a00000, 0x0000000705b00000|  0%| F|  |TAMS 0x0000000705a00000, 0x0000000705a00000| Untracked 
|  79|0x0000000705b00000, 0x0000000705b00000, 0x0000000705c00000|  0%| F|  |TAMS 0x0000000705b00000, 0x0000000705b00000| Untracked 
|  80|0x0000000705c00000, 0x0000000705c00000, 0x0000000705d00000|  0%| F|  |TAMS 0x0000000705c00000, 0x0000000705c00000| Untracked 
|  81|0x0000000705d00000, 0x0000000705d00000, 0x0000000705e00000|  0%| F|  |TAMS 0x0000000705d00000, 0x0000000705d00000| Untracked 
|  82|0x0000000705e00000, 0x0000000705e00000, 0x0000000705f00000|  0%| F|  |TAMS 0x0000000705e00000, 0x0000000705e00000| Untracked 
|  83|0x0000000705f00000, 0x0000000705f00000, 0x0000000706000000|  0%| F|  |TAMS 0x0000000705f00000, 0x0000000705f00000| Untracked 
|  84|0x0000000706000000, 0x0000000706000000, 0x0000000706100000|  0%| F|  |TAMS 0x0000000706000000, 0x0000000706000000| Untracked 
|  85|0x0000000706100000, 0x0000000706100000, 0x0000000706200000|  0%| F|  |TAMS 0x0000000706100000, 0x0000000706100000| Untracked 
|  86|0x0000000706200000, 0x0000000706200000, 0x0000000706300000|  0%| F|  |TAMS 0x0000000706200000, 0x0000000706200000| Untracked 
|  87|0x0000000706300000, 0x0000000706300000, 0x0000000706400000|  0%| F|  |TAMS 0x0000000706300000, 0x0000000706300000| Untracked 
|  88|0x0000000706400000, 0x0000000706400000, 0x0000000706500000|  0%| F|  |TAMS 0x0000000706400000, 0x0000000706400000| Untracked 
|  89|0x0000000706500000, 0x0000000706500000, 0x0000000706600000|  0%| F|  |TAMS 0x0000000706500000, 0x0000000706500000| Untracked 
|  90|0x0000000706600000, 0x0000000706600000, 0x0000000706700000|  0%| F|  |TAMS 0x0000000706600000, 0x0000000706600000| Untracked 
|  91|0x0000000706700000, 0x0000000706700000, 0x0000000706800000|  0%| F|  |TAMS 0x0000000706700000, 0x0000000706700000| Untracked 
|  92|0x0000000706800000, 0x0000000706800000, 0x0000000706900000|  0%| F|  |TAMS 0x0000000706800000, 0x0000000706800000| Untracked 
|  93|0x0000000706900000, 0x0000000706900000, 0x0000000706a00000|  0%| F|  |TAMS 0x0000000706900000, 0x0000000706900000| Untracked 
|  94|0x0000000706a00000, 0x0000000706a00000, 0x0000000706b00000|  0%| F|  |TAMS 0x0000000706a00000, 0x0000000706a00000| Untracked 
|  95|0x0000000706b00000, 0x0000000706b00000, 0x0000000706c00000|  0%| F|  |TAMS 0x0000000706b00000, 0x0000000706b00000| Untracked 
|  96|0x0000000706c00000, 0x0000000706c00000, 0x0000000706d00000|  0%| F|  |TAMS 0x0000000706c00000, 0x0000000706c00000| Untracked 
|  97|0x0000000706d00000, 0x0000000706d00000, 0x0000000706e00000|  0%| F|  |TAMS 0x0000000706d00000, 0x0000000706d00000| Untracked 
|  98|0x0000000706e00000, 0x0000000706e00000, 0x0000000706f00000|  0%| F|  |TAMS 0x0000000706e00000, 0x0000000706e00000| Untracked 
|  99|0x0000000706f00000, 0x0000000706f00000, 0x0000000707000000|  0%| F|  |TAMS 0x0000000706f00000, 0x0000000706f00000| Untracked 
| 100|0x0000000707000000, 0x0000000707000000, 0x0000000707100000|  0%| F|  |TAMS 0x0000000707000000, 0x0000000707000000| Untracked 
| 101|0x0000000707100000, 0x0000000707100000, 0x0000000707200000|  0%| F|  |TAMS 0x0000000707100000, 0x0000000707100000| Untracked 
| 102|0x0000000707200000, 0x0000000707200000, 0x0000000707300000|  0%| F|  |TAMS 0x0000000707200000, 0x0000000707200000| Untracked 
| 103|0x0000000707300000, 0x0000000707300000, 0x0000000707400000|  0%| F|  |TAMS 0x0000000707300000, 0x0000000707300000| Untracked 
| 104|0x0000000707400000, 0x0000000707400000, 0x0000000707500000|  0%| F|  |TAMS 0x0000000707400000, 0x0000000707400000| Untracked 
| 105|0x0000000707500000, 0x0000000707500000, 0x0000000707600000|  0%| F|  |TAMS 0x0000000707500000, 0x0000000707500000| Untracked 
| 106|0x0000000707600000, 0x0000000707600000, 0x0000000707700000|  0%| F|  |TAMS 0x0000000707600000, 0x0000000707600000| Untracked 
| 107|0x0000000707700000, 0x0000000707700000, 0x0000000707800000|  0%| F|  |TAMS 0x0000000707700000, 0x0000000707700000| Untracked 
| 108|0x0000000707800000, 0x0000000707800000, 0x0000000707900000|  0%| F|  |TAMS 0x0000000707800000, 0x0000000707800000| Untracked 
| 109|0x0000000707900000, 0x0000000707900000, 0x0000000707a00000|  0%| F|  |TAMS 0x0000000707900000, 0x0000000707900000| Untracked 
| 110|0x0000000707a00000, 0x0000000707a00000, 0x0000000707b00000|  0%| F|  |TAMS 0x0000000707a00000, 0x0000000707a00000| Untracked 
| 111|0x0000000707b00000, 0x0000000707b00000, 0x0000000707c00000|  0%| F|  |TAMS 0x0000000707b00000, 0x0000000707b00000| Untracked 
| 112|0x0000000707c00000, 0x0000000707c00000, 0x0000000707d00000|  0%| F|  |TAMS 0x0000000707c00000, 0x0000000707c00000| Untracked 
| 113|0x0000000707d00000, 0x0000000707d00000, 0x0000000707e00000|  0%| F|  |TAMS 0x0000000707d00000, 0x0000000707d00000| Untracked 
| 114|0x0000000707e00000, 0x0000000707e00000, 0x0000000707f00000|  0%| F|  |TAMS 0x0000000707e00000, 0x0000000707e00000| Untracked 
| 115|0x0000000707f00000, 0x0000000707f00000, 0x0000000708000000|  0%| F|  |TAMS 0x0000000707f00000, 0x0000000707f00000| Untracked 
| 116|0x0000000708000000, 0x0000000708000000, 0x0000000708100000|  0%| F|  |TAMS 0x0000000708000000, 0x0000000708000000| Untracked 
| 117|0x0000000708100000, 0x0000000708100000, 0x0000000708200000|  0%| F|  |TAMS 0x0000000708100000, 0x0000000708100000| Untracked 
| 118|0x0000000708200000, 0x0000000708200000, 0x0000000708300000|  0%| F|  |TAMS 0x0000000708200000, 0x0000000708200000| Untracked 
| 119|0x0000000708300000, 0x0000000708300000, 0x0000000708400000|  0%| F|  |TAMS 0x0000000708300000, 0x0000000708300000| Untracked 
| 120|0x0000000708400000, 0x0000000708400000, 0x0000000708500000|  0%| F|  |TAMS 0x0000000708400000, 0x0000000708400000| Untracked 
| 121|0x0000000708500000, 0x0000000708500000, 0x0000000708600000|  0%| F|  |TAMS 0x0000000708500000, 0x0000000708500000| Untracked 
| 122|0x0000000708600000, 0x0000000708600000, 0x0000000708700000|  0%| F|  |TAMS 0x0000000708600000, 0x0000000708600000| Untracked 
| 123|0x0000000708700000, 0x0000000708700000, 0x0000000708800000|  0%| F|  |TAMS 0x0000000708700000, 0x0000000708700000| Untracked 
| 124|0x0000000708800000, 0x0000000708800000, 0x0000000708900000|  0%| F|  |TAMS 0x0000000708800000, 0x0000000708800000| Untracked 
| 125|0x0000000708900000, 0x0000000708900000, 0x0000000708a00000|  0%| F|  |TAMS 0x0000000708900000, 0x0000000708900000| Untracked 
| 126|0x0000000708a00000, 0x0000000708a00000, 0x0000000708b00000|  0%| F|  |TAMS 0x0000000708a00000, 0x0000000708a00000| Untracked 
| 127|0x0000000708b00000, 0x0000000708b00000, 0x0000000708c00000|  0%| F|  |TAMS 0x0000000708b00000, 0x0000000708b00000| Untracked 
| 128|0x0000000708c00000, 0x0000000708c00000, 0x0000000708d00000|  0%| F|  |TAMS 0x0000000708c00000, 0x0000000708c00000| Untracked 
| 129|0x0000000708d00000, 0x0000000708d00000, 0x0000000708e00000|  0%| F|  |TAMS 0x0000000708d00000, 0x0000000708d00000| Untracked 
| 130|0x0000000708e00000, 0x0000000708e00000, 0x0000000708f00000|  0%| F|  |TAMS 0x0000000708e00000, 0x0000000708e00000| Untracked 
| 131|0x0000000708f00000, 0x0000000708f00000, 0x0000000709000000|  0%| F|  |TAMS 0x0000000708f00000, 0x0000000708f00000| Untracked 
| 132|0x0000000709000000, 0x0000000709000000, 0x0000000709100000|  0%| F|  |TAMS 0x0000000709000000, 0x0000000709000000| Untracked 
| 133|0x0000000709100000, 0x0000000709100000, 0x0000000709200000|  0%| F|  |TAMS 0x0000000709100000, 0x0000000709100000| Untracked 
| 134|0x0000000709200000, 0x0000000709200000, 0x0000000709300000|  0%| F|  |TAMS 0x0000000709200000, 0x0000000709200000| Untracked 
| 135|0x0000000709300000, 0x0000000709300000, 0x0000000709400000|  0%| F|  |TAMS 0x0000000709300000, 0x0000000709300000| Untracked 
| 136|0x0000000709400000, 0x0000000709400000, 0x0000000709500000|  0%| F|  |TAMS 0x0000000709400000, 0x0000000709400000| Untracked 
| 137|0x0000000709500000, 0x0000000709500000, 0x0000000709600000|  0%| F|  |TAMS 0x0000000709500000, 0x0000000709500000| Untracked 
| 138|0x0000000709600000, 0x0000000709600000, 0x0000000709700000|  0%| F|  |TAMS 0x0000000709600000, 0x0000000709600000| Untracked 
| 139|0x0000000709700000, 0x0000000709700000, 0x0000000709800000|  0%| F|  |TAMS 0x0000000709700000, 0x0000000709700000| Untracked 
| 140|0x0000000709800000, 0x0000000709800000, 0x0000000709900000|  0%| F|  |TAMS 0x0000000709800000, 0x0000000709800000| Untracked 
| 141|0x0000000709900000, 0x0000000709900000, 0x0000000709a00000|  0%| F|  |TAMS 0x0000000709900000, 0x0000000709900000| Untracked 
| 142|0x0000000709a00000, 0x0000000709a00000, 0x0000000709b00000|  0%| F|  |TAMS 0x0000000709a00000, 0x0000000709a00000| Untracked 
| 143|0x0000000709b00000, 0x0000000709b00000, 0x0000000709c00000|  0%| F|  |TAMS 0x0000000709b00000, 0x0000000709b00000| Untracked 
| 144|0x0000000709c00000, 0x0000000709c00000, 0x0000000709d00000|  0%| F|  |TAMS 0x0000000709c00000, 0x0000000709c00000| Untracked 
| 145|0x0000000709d00000, 0x0000000709d00000, 0x0000000709e00000|  0%| F|  |TAMS 0x0000000709d00000, 0x0000000709d00000| Untracked 
| 146|0x0000000709e00000, 0x0000000709e00000, 0x0000000709f00000|  0%| F|  |TAMS 0x0000000709e00000, 0x0000000709e00000| Untracked 
| 147|0x0000000709f00000, 0x0000000709f00000, 0x000000070a000000|  0%| F|  |TAMS 0x0000000709f00000, 0x0000000709f00000| Untracked 
| 148|0x000000070a000000, 0x000000070a000000, 0x000000070a100000|  0%| F|  |TAMS 0x000000070a000000, 0x000000070a000000| Untracked 
| 149|0x000000070a100000, 0x000000070a100000, 0x000000070a200000|  0%| F|  |TAMS 0x000000070a100000, 0x000000070a100000| Untracked 
| 150|0x000000070a200000, 0x000000070a200000, 0x000000070a300000|  0%| F|  |TAMS 0x000000070a200000, 0x000000070a200000| Untracked 
| 151|0x000000070a300000, 0x000000070a300000, 0x000000070a400000|  0%| F|  |TAMS 0x000000070a300000, 0x000000070a300000| Untracked 
| 152|0x000000070a400000, 0x000000070a400000, 0x000000070a500000|  0%| F|  |TAMS 0x000000070a400000, 0x000000070a400000| Untracked 
| 153|0x000000070a500000, 0x000000070a500000, 0x000000070a600000|  0%| F|  |TAMS 0x000000070a500000, 0x000000070a500000| Untracked 
| 154|0x000000070a600000, 0x000000070a600000, 0x000000070a700000|  0%| F|  |TAMS 0x000000070a600000, 0x000000070a600000| Untracked 
| 155|0x000000070a700000, 0x000000070a700000, 0x000000070a800000|  0%| F|  |TAMS 0x000000070a700000, 0x000000070a700000| Untracked 
| 156|0x000000070a800000, 0x000000070a800000, 0x000000070a900000|  0%| F|  |TAMS 0x000000070a800000, 0x000000070a800000| Untracked 
| 157|0x000000070a900000, 0x000000070a900000, 0x000000070aa00000|  0%| F|  |TAMS 0x000000070a900000, 0x000000070a900000| Untracked 
| 158|0x000000070aa00000, 0x000000070aa00000, 0x000000070ab00000|  0%| F|  |TAMS 0x000000070aa00000, 0x000000070aa00000| Untracked 
| 159|0x000000070ab00000, 0x000000070ab00000, 0x000000070ac00000|  0%| F|  |TAMS 0x000000070ab00000, 0x000000070ab00000| Untracked 
| 160|0x000000070ac00000, 0x000000070ac00000, 0x000000070ad00000|  0%| F|  |TAMS 0x000000070ac00000, 0x000000070ac00000| Untracked 
| 161|0x000000070ad00000, 0x000000070ad00000, 0x000000070ae00000|  0%| F|  |TAMS 0x000000070ad00000, 0x000000070ad00000| Untracked 
| 162|0x000000070ae00000, 0x000000070ae00000, 0x000000070af00000|  0%| F|  |TAMS 0x000000070ae00000, 0x000000070ae00000| Untracked 
| 163|0x000000070af00000, 0x000000070af00000, 0x000000070b000000|  0%| F|  |TAMS 0x000000070af00000, 0x000000070af00000| Untracked 
| 164|0x000000070b000000, 0x000000070b000000, 0x000000070b100000|  0%| F|  |TAMS 0x000000070b000000, 0x000000070b000000| Untracked 
| 165|0x000000070b100000, 0x000000070b100000, 0x000000070b200000|  0%| F|  |TAMS 0x000000070b100000, 0x000000070b100000| Untracked 
| 166|0x000000070b200000, 0x000000070b200000, 0x000000070b300000|  0%| F|  |TAMS 0x000000070b200000, 0x000000070b200000| Untracked 
| 167|0x000000070b300000, 0x000000070b300000, 0x000000070b400000|  0%| F|  |TAMS 0x000000070b300000, 0x000000070b300000| Untracked 
| 168|0x000000070b400000, 0x000000070b400000, 0x000000070b500000|  0%| F|  |TAMS 0x000000070b400000, 0x000000070b400000| Untracked 
| 169|0x000000070b500000, 0x000000070b500000, 0x000000070b600000|  0%| F|  |TAMS 0x000000070b500000, 0x000000070b500000| Untracked 
| 170|0x000000070b600000, 0x000000070b600000, 0x000000070b700000|  0%| F|  |TAMS 0x000000070b600000, 0x000000070b600000| Untracked 
| 171|0x000000070b700000, 0x000000070b700000, 0x000000070b800000|  0%| F|  |TAMS 0x000000070b700000, 0x000000070b700000| Untracked 
| 172|0x000000070b800000, 0x000000070b800000, 0x000000070b900000|  0%| F|  |TAMS 0x000000070b800000, 0x000000070b800000| Untracked 
| 173|0x000000070b900000, 0x000000070b900000, 0x000000070ba00000|  0%| F|  |TAMS 0x000000070b900000, 0x000000070b900000| Untracked 
| 174|0x000000070ba00000, 0x000000070ba00000, 0x000000070bb00000|  0%| F|  |TAMS 0x000000070ba00000, 0x000000070ba00000| Untracked 
| 175|0x000000070bb00000, 0x000000070bb00000, 0x000000070bc00000|  0%| F|  |TAMS 0x000000070bb00000, 0x000000070bb00000| Untracked 
| 176|0x000000070bc00000, 0x000000070bc00000, 0x000000070bd00000|  0%| F|  |TAMS 0x000000070bc00000, 0x000000070bc00000| Untracked 
| 177|0x000000070bd00000, 0x000000070bd00000, 0x000000070be00000|  0%| F|  |TAMS 0x000000070bd00000, 0x000000070bd00000| Untracked 
| 178|0x000000070be00000, 0x000000070be00000, 0x000000070bf00000|  0%| F|  |TAMS 0x000000070be00000, 0x000000070be00000| Untracked 
| 179|0x000000070bf00000, 0x000000070bf00000, 0x000000070c000000|  0%| F|  |TAMS 0x000000070bf00000, 0x000000070bf00000| Untracked 
| 180|0x000000070c000000, 0x000000070c000000, 0x000000070c100000|  0%| F|  |TAMS 0x000000070c000000, 0x000000070c000000| Untracked 
| 181|0x000000070c100000, 0x000000070c100000, 0x000000070c200000|  0%| F|  |TAMS 0x000000070c100000, 0x000000070c100000| Untracked 
| 182|0x000000070c200000, 0x000000070c200000, 0x000000070c300000|  0%| F|  |TAMS 0x000000070c200000, 0x000000070c200000| Untracked 
| 183|0x000000070c300000, 0x000000070c300000, 0x000000070c400000|  0%| F|  |TAMS 0x000000070c300000, 0x000000070c300000| Untracked 
| 184|0x000000070c400000, 0x000000070c400000, 0x000000070c500000|  0%| F|  |TAMS 0x000000070c400000, 0x000000070c400000| Untracked 
| 185|0x000000070c500000, 0x000000070c500000, 0x000000070c600000|  0%| F|  |TAMS 0x000000070c500000, 0x000000070c500000| Untracked 
| 186|0x000000070c600000, 0x000000070c600000, 0x000000070c700000|  0%| F|  |TAMS 0x000000070c600000, 0x000000070c600000| Untracked 
| 187|0x000000070c700000, 0x000000070c700000, 0x000000070c800000|  0%| F|  |TAMS 0x000000070c700000, 0x000000070c700000| Untracked 
| 188|0x000000070c800000, 0x000000070c800000, 0x000000070c900000|  0%| F|  |TAMS 0x000000070c800000, 0x000000070c800000| Untracked 
| 189|0x000000070c900000, 0x000000070c900000, 0x000000070ca00000|  0%| F|  |TAMS 0x000000070c900000, 0x000000070c900000| Untracked 
| 190|0x000000070ca00000, 0x000000070ca00000, 0x000000070cb00000|  0%| F|  |TAMS 0x000000070ca00000, 0x000000070ca00000| Untracked 
| 191|0x000000070cb00000, 0x000000070cb00000, 0x000000070cc00000|  0%| F|  |TAMS 0x000000070cb00000, 0x000000070cb00000| Untracked 
| 192|0x000000070cc00000, 0x000000070cc00000, 0x000000070cd00000|  0%| F|  |TAMS 0x000000070cc00000, 0x000000070cc00000| Untracked 
| 193|0x000000070cd00000, 0x000000070cd00000, 0x000000070ce00000|  0%| F|  |TAMS 0x000000070cd00000, 0x000000070cd00000| Untracked 
| 194|0x000000070ce00000, 0x000000070ce00000, 0x000000070cf00000|  0%| F|  |TAMS 0x000000070ce00000, 0x000000070ce00000| Untracked 
| 195|0x000000070cf00000, 0x000000070cf00000, 0x000000070d000000|  0%| F|  |TAMS 0x000000070cf00000, 0x000000070cf00000| Untracked 
| 196|0x000000070d000000, 0x000000070d000000, 0x000000070d100000|  0%| F|  |TAMS 0x000000070d000000, 0x000000070d000000| Untracked 
| 197|0x000000070d100000, 0x000000070d100000, 0x000000070d200000|  0%| F|  |TAMS 0x000000070d100000, 0x000000070d100000| Untracked 
| 198|0x000000070d200000, 0x000000070d200000, 0x000000070d300000|  0%| F|  |TAMS 0x000000070d200000, 0x000000070d200000| Untracked 
| 199|0x000000070d300000, 0x000000070d300000, 0x000000070d400000|  0%| F|  |TAMS 0x000000070d300000, 0x000000070d300000| Untracked 
| 200|0x000000070d400000, 0x000000070d400000, 0x000000070d500000|  0%| F|  |TAMS 0x000000070d400000, 0x000000070d400000| Untracked 
| 201|0x000000070d500000, 0x000000070d600000, 0x000000070d600000|100%| E|  |TAMS 0x000000070d500000, 0x000000070d500000| Complete 
| 202|0x000000070d600000, 0x000000070d700000, 0x000000070d700000|100%| E|CS|TAMS 0x000000070d600000, 0x000000070d600000| Complete 
| 203|0x000000070d700000, 0x000000070d800000, 0x000000070d800000|100%| E|CS|TAMS 0x000000070d700000, 0x000000070d700000| Complete 
| 204|0x000000070d800000, 0x000000070d900000, 0x000000070d900000|100%| E|CS|TAMS 0x000000070d800000, 0x000000070d800000| Complete 
| 205|0x000000070d900000, 0x000000070da00000, 0x000000070da00000|100%| E|CS|TAMS 0x000000070d900000, 0x000000070d900000| Complete 
| 206|0x000000070da00000, 0x000000070db00000, 0x000000070db00000|100%| E|CS|TAMS 0x000000070da00000, 0x000000070da00000| Complete 
| 207|0x000000070db00000, 0x000000070dc00000, 0x000000070dc00000|100%| E|CS|TAMS 0x000000070db00000, 0x000000070db00000| Complete 
| 208|0x000000070dc00000, 0x000000070dd00000, 0x000000070dd00000|100%| E|CS|TAMS 0x000000070dc00000, 0x000000070dc00000| Complete 
| 209|0x000000070dd00000, 0x000000070de00000, 0x000000070de00000|100%| E|CS|TAMS 0x000000070dd00000, 0x000000070dd00000| Complete 
| 210|0x000000070de00000, 0x000000070df00000, 0x000000070df00000|100%| E|CS|TAMS 0x000000070de00000, 0x000000070de00000| Complete 
| 211|0x000000070df00000, 0x000000070e000000, 0x000000070e000000|100%| E|CS|TAMS 0x000000070df00000, 0x000000070df00000| Complete 
| 212|0x000000070e000000, 0x000000070e100000, 0x000000070e100000|100%| E|CS|TAMS 0x000000070e000000, 0x000000070e000000| Complete 
| 213|0x000000070e100000, 0x000000070e200000, 0x000000070e200000|100%| E|CS|TAMS 0x000000070e100000, 0x000000070e100000| Complete 
| 214|0x000000070e200000, 0x000000070e300000, 0x000000070e300000|100%| E|CS|TAMS 0x000000070e200000, 0x000000070e200000| Complete 
| 215|0x000000070e300000, 0x000000070e400000, 0x000000070e400000|100%| E|CS|TAMS 0x000000070e300000, 0x000000070e300000| Complete 
| 216|0x000000070e400000, 0x000000070e500000, 0x000000070e500000|100%| E|CS|TAMS 0x000000070e400000, 0x000000070e400000| Complete 
| 217|0x000000070e500000, 0x000000070e600000, 0x000000070e600000|100%| E|CS|TAMS 0x000000070e500000, 0x000000070e500000| Complete 
| 218|0x000000070e600000, 0x000000070e700000, 0x000000070e700000|100%| E|CS|TAMS 0x000000070e600000, 0x000000070e600000| Complete 
| 219|0x000000070e700000, 0x000000070e800000, 0x000000070e800000|100%| E|CS|TAMS 0x000000070e700000, 0x000000070e700000| Complete 
| 220|0x000000070e800000, 0x000000070e900000, 0x000000070e900000|100%| E|CS|TAMS 0x000000070e800000, 0x000000070e800000| Complete 
| 221|0x000000070e900000, 0x000000070ea00000, 0x000000070ea00000|100%| E|CS|TAMS 0x000000070e900000, 0x000000070e900000| Complete 
| 222|0x000000070ea00000, 0x000000070eb00000, 0x000000070eb00000|100%| E|CS|TAMS 0x000000070ea00000, 0x000000070ea00000| Complete 
| 223|0x000000070eb00000, 0x000000070ec00000, 0x000000070ec00000|100%| E|CS|TAMS 0x000000070eb00000, 0x000000070eb00000| Complete 
| 224|0x000000070ec00000, 0x000000070ed00000, 0x000000070ed00000|100%| E|CS|TAMS 0x000000070ec00000, 0x000000070ec00000| Complete 
| 225|0x000000070ed00000, 0x000000070ee00000, 0x000000070ee00000|100%| E|CS|TAMS 0x000000070ed00000, 0x000000070ed00000| Complete 
| 226|0x000000070ee00000, 0x000000070ef00000, 0x000000070ef00000|100%| E|CS|TAMS 0x000000070ee00000, 0x000000070ee00000| Complete 
| 227|0x000000070ef00000, 0x000000070f000000, 0x000000070f000000|100%| E|CS|TAMS 0x000000070ef00000, 0x000000070ef00000| Complete 
| 228|0x000000070f000000, 0x000000070f100000, 0x000000070f100000|100%| E|CS|TAMS 0x000000070f000000, 0x000000070f000000| Complete 
| 229|0x000000070f100000, 0x000000070f200000, 0x000000070f200000|100%| S|CS|TAMS 0x000000070f100000, 0x000000070f100000| Complete 
| 230|0x000000070f200000, 0x000000070f300000, 0x000000070f300000|100%| S|CS|TAMS 0x000000070f200000, 0x000000070f200000| Complete 
| 231|0x000000070f300000, 0x000000070f400000, 0x000000070f400000|100%| S|CS|TAMS 0x000000070f300000, 0x000000070f300000| Complete 
| 232|0x000000070f400000, 0x000000070f500000, 0x000000070f500000|100%| E|CS|TAMS 0x000000070f400000, 0x000000070f400000| Complete 
| 233|0x000000070f500000, 0x000000070f600000, 0x000000070f600000|100%| E|CS|TAMS 0x000000070f500000, 0x000000070f500000| Complete 
| 234|0x000000070f600000, 0x000000070f700000, 0x000000070f700000|100%| E|CS|TAMS 0x000000070f600000, 0x000000070f600000| Complete 
| 235|0x000000070f700000, 0x000000070f800000, 0x000000070f800000|100%| E|CS|TAMS 0x000000070f700000, 0x000000070f700000| Complete 
| 236|0x000000070f800000, 0x000000070f900000, 0x000000070f900000|100%| E|CS|TAMS 0x000000070f800000, 0x000000070f800000| Complete 
| 237|0x000000070f900000, 0x000000070fa00000, 0x000000070fa00000|100%| E|CS|TAMS 0x000000070f900000, 0x000000070f900000| Complete 
| 238|0x000000070fa00000, 0x000000070fb00000, 0x000000070fb00000|100%| E|CS|TAMS 0x000000070fa00000, 0x000000070fa00000| Complete 
| 239|0x000000070fb00000, 0x000000070fc00000, 0x000000070fc00000|100%| E|CS|TAMS 0x000000070fb00000, 0x000000070fb00000| Complete 
| 240|0x000000070fc00000, 0x000000070fd00000, 0x000000070fd00000|100%| E|CS|TAMS 0x000000070fc00000, 0x000000070fc00000| Complete 
| 241|0x000000070fd00000, 0x000000070fe00000, 0x000000070fe00000|100%| E|CS|TAMS 0x000000070fd00000, 0x000000070fd00000| Complete 
| 242|0x000000070fe00000, 0x000000070ff00000, 0x000000070ff00000|100%| E|CS|TAMS 0x000000070fe00000, 0x000000070fe00000| Complete 
| 243|0x000000070ff00000, 0x0000000710000000, 0x0000000710000000|100%| E|CS|TAMS 0x000000070ff00000, 0x000000070ff00000| Complete 
| 244|0x0000000710000000, 0x0000000710100000, 0x0000000710100000|100%| E|CS|TAMS 0x0000000710000000, 0x0000000710000000| Complete 
| 245|0x0000000710100000, 0x0000000710200000, 0x0000000710200000|100%| E|CS|TAMS 0x0000000710100000, 0x0000000710100000| Complete 
| 246|0x0000000710200000, 0x0000000710300000, 0x0000000710300000|100%| E|CS|TAMS 0x0000000710200000, 0x0000000710200000| Complete 
| 247|0x0000000710300000, 0x0000000710400000, 0x0000000710400000|100%| E|CS|TAMS 0x0000000710300000, 0x0000000710300000| Complete 
| 248|0x0000000710400000, 0x0000000710500000, 0x0000000710500000|100%| E|CS|TAMS 0x0000000710400000, 0x0000000710400000| Complete 
| 249|0x0000000710500000, 0x0000000710600000, 0x0000000710600000|100%| E|CS|TAMS 0x0000000710500000, 0x0000000710500000| Complete 
| 250|0x0000000710600000, 0x0000000710700000, 0x0000000710700000|100%| E|CS|TAMS 0x0000000710600000, 0x0000000710600000| Complete 
| 251|0x0000000710700000, 0x0000000710800000, 0x0000000710800000|100%| E|CS|TAMS 0x0000000710700000, 0x0000000710700000| Complete 
| 252|0x0000000710800000, 0x0000000710900000, 0x0000000710900000|100%| E|CS|TAMS 0x0000000710800000, 0x0000000710800000| Complete 
| 253|0x0000000710900000, 0x0000000710a00000, 0x0000000710a00000|100%| E|CS|TAMS 0x0000000710900000, 0x0000000710900000| Complete 
| 254|0x0000000710a00000, 0x0000000710b00000, 0x0000000710b00000|100%| E|CS|TAMS 0x0000000710a00000, 0x0000000710a00000| Complete 
| 255|0x0000000710b00000, 0x0000000710c00000, 0x0000000710c00000|100%| E|CS|TAMS 0x0000000710b00000, 0x0000000710b00000| Complete 

Card table byte_map: [0x00000246ecba0000,0x00000246ed3a0000] _byte_map_base: 0x00000246e939a000

Marking Bits (Prev, Next): (CMBitMap*) 0x00000246d4ab59d8, (CMBitMap*) 0x00000246d4ab5a18
 Prev Bits: [0x00000246edba0000, 0x00000246f1b70000)
 Next Bits: [0x00000246f1b70000, 0x00000246f5b40000)

Polling page: 0x00000246d29f0000

Metaspace:

Usage:
  Non-class:     16.76 MB capacity,    16.11 MB ( 96%) used,   547.36 KB (  3%) free+waste,   113.88 KB ( <1%) overhead. 
      Class:      3.19 MB capacity,     2.77 MB ( 87%) used,   369.26 KB ( 11%) free+waste,    59.88 KB (  2%) overhead. 
       Both:     19.95 MB capacity,    18.88 MB ( 95%) used,   916.62 KB (  4%) free+waste,   173.75 KB ( <1%) overhead. 

Virtual space:
  Non-class space:       18.00 MB reserved,      17.00 MB ( 94%) committed 
      Class space:        1.00 GB reserved,       3.25 MB ( <1%) committed 
             Both:        1.02 GB reserved,      20.25 MB (  2%) committed 

Chunk freelists:
   Non-Class:  0 bytes
       Class:  0 bytes
        Both:  0 bytes

MaxMetaspaceSize: 17179869184.00 GB
CompressedClassSpaceSize: 1.00 GB

CodeHeap 'non-profiled nmethods': size=120000Kb used=1622Kb max_used=1622Kb free=118377Kb
 bounds [0x00000246e4a30000, 0x00000246e4ca0000, 0x00000246ebf60000]
CodeHeap 'profiled nmethods': size=120000Kb used=7460Kb max_used=7460Kb free=112539Kb
 bounds [0x00000246dd500000, 0x00000246ddc50000, 0x00000246e4a30000]
CodeHeap 'non-nmethods': size=5760Kb used=1486Kb max_used=1517Kb free=4273Kb
 bounds [0x00000246dcf60000, 0x00000246dd1d0000, 0x00000246dd500000]
 total_blobs=5203 nmethods=3429 adapters=726
 compilation: enabled
              stopped_count=0, restarted_count=0
 full_count=0

Compilation events (20 events):
Event: 21.467 Thread 0x00000246f86c8800 3420       3       javafx.beans.binding.IntegerBinding::get (25 bytes)
Event: 21.467 Thread 0x00000246f86c8800 nmethod 3420 0x00000246ddc3d390 code [0x00000246ddc3d540, 0x00000246ddc3d7f0]
Event: 21.467 Thread 0x00000246f86c8800 3421       3       javafx.scene.control.TextInputControl::getLength (8 bytes)
Event: 21.467 Thread 0x00000246f86c8800 nmethod 3421 0x00000246ddc3d890 code [0x00000246ddc3da40, 0x00000246ddc3ddf0]
Event: 21.467 Thread 0x00000246f86c8800 3422       1       com.sun.javafx.scene.control.behavior.BehaviorBase::getNode (5 bytes)
Event: 21.467 Thread 0x00000246f86c8800 nmethod 3422 0x00000246e4bc5310 code [0x00000246e4bc54a0, 0x00000246e4bc55d8]
Event: 21.470 Thread 0x00000246f86c8800 3423       3       com.sun.javafx.util.Utils::convertSRGBtoLinearRGB (99 bytes)
Event: 21.470 Thread 0x00000246f86c8800 nmethod 3423 0x00000246ddc3df10 code [0x00000246ddc3e160, 0x00000246ddc3e7d0]
Event: 21.471 Thread 0x00000246f86c8800 3424       3       javafx.scene.layout.Background::computeOpaqueInsets (1450 bytes)
Event: 21.471 Thread 0x00000246f86c7800 3425       4       javafx.beans.property.BooleanPropertyBase::get (29 bytes)
Event: 21.472 Thread 0x00000246f86c7800 nmethod 3425 0x00000246e4bc5690 code [0x00000246e4bc5820, 0x00000246e4bc58d8]
Event: 21.479 Thread 0x00000246f86c8800 nmethod 3424 0x00000246ddc3ea10 code [0x00000246ddc3f220, 0x00000246ddc44270]
Event: 21.479 Thread 0x00000246f86c8800 3427       3       com.sun.javafx.geom.transform.GeneralTransform3D::transform (249 bytes)
Event: 21.479 Thread 0x00000246f86c8800 nmethod 3427 0x00000246ddc47210 code [0x00000246ddc473e0, 0x00000246ddc478d8]
Event: 21.479 Thread 0x00000246f86c8800 3426       3       javafx.scene.control.Control::computeMaxHeight (51 bytes)
Event: 21.480 Thread 0x00000246f86c8800 nmethod 3426 0x00000246ddc47b10 code [0x00000246ddc47d00, 0x00000246ddc48190]
Event: 21.543 Thread 0x00000246f86c8800 3428       3       com.sun.javafx.geom.transform.AffineBase::deltaTransform (204 bytes)
Event: 21.543 Thread 0x00000246f86c8800 nmethod 3428 0x00000246ddc48290 code [0x00000246ddc48480, 0x00000246ddc48b10]
Event: 21.543 Thread 0x00000246f86c8800 3429       3       com.sun.javafx.geom.Vec3d::normalize (38 bytes)
Event: 21.543 Thread 0x00000246f86c8800 nmethod 3429 0x00000246ddc48d90 code [0x00000246ddc48f60, 0x00000246ddc491b8]

GC Heap History (2 events):
Event: 0.610 GC heap before
{Heap before GC invocations=0 (full 0):
 garbage-first heap   total 262144K, used 23552K [0x0000000700c00000, 0x0000000800000000)
  region size 1024K, 24 young (24576K), 0 survivors (0K)
 Metaspace       used 7006K, capacity 9080K, committed 9344K, reserved 1056768K
  class space    used 860K, capacity 1103K, committed 1152K, reserved 1048576K
}
Event: 0.614 GC heap after
{Heap after GC invocations=1 (full 0):
 garbage-first heap   total 262144K, used 3855K [0x0000000700c00000, 0x0000000800000000)
  region size 1024K, 3 young (3072K), 3 survivors (3072K)
 Metaspace       used 7006K, capacity 9080K, committed 9344K, reserved 1056768K
  class space    used 860K, capacity 1103K, committed 1152K, reserved 1048576K
}

Deoptimization events (20 events):
Event: 20.629 Thread 0x00000246f9752800 DEOPT PACKING pc=0x00000246e4b0ce00 sp=0x0000007c5edfca50
Event: 20.629 Thread 0x00000246f9752800 DEOPT UNPACKING pc=0x00000246dcfa912f sp=0x0000007c5edfc9c0 mode 2
Event: 20.653 Thread 0x00000246f9752800 Uncommon trap: trap_request=0xffffff45 fr.pc=0x00000246e4baae94 relative=0x00000000000007d4
Event: 20.653 Thread 0x00000246f9752800 Uncommon trap: reason=unstable_if action=reinterpret pc=0x00000246e4baae94 method=javafx.scene.Node.updateBounds()V @ 27 c2
Event: 20.653 Thread 0x00000246f9752800 DEOPT PACKING pc=0x00000246e4baae94 sp=0x0000007c5edfc040
Event: 20.653 Thread 0x00000246f9752800 DEOPT UNPACKING pc=0x00000246dcfa912f sp=0x0000007c5edfbf98 mode 2
Event: 20.659 Thread 0x00000246f98b6800 Uncommon trap: trap_request=0xffffff45 fr.pc=0x00000246e4b7efb8 relative=0x0000000000000098
Event: 20.659 Thread 0x00000246f98b6800 Uncommon trap: reason=unstable_if action=reinterpret pc=0x00000246e4b7efb8 method=com.sun.javafx.geom.RectBounds.isEmpty()Z @ 21 c2
Event: 20.659 Thread 0x00000246f98b6800 DEOPT PACKING pc=0x00000246e4b7efb8 sp=0x0000007c5eafc1b0
Event: 20.659 Thread 0x00000246f98b6800 DEOPT UNPACKING pc=0x00000246dcfa912f sp=0x0000007c5eafc140 mode 2
Event: 20.967 Thread 0x00000246f98b6800 DEOPT PACKING pc=0x00000246dda87948 sp=0x0000007c5eafd690
Event: 20.967 Thread 0x00000246f98b6800 DEOPT UNPACKING pc=0x00000246dcfa964e sp=0x0000007c5eafcab0 mode 0
Event: 21.094 Thread 0x00000246f9752800 Uncommon trap: trap_request=0xffffff45 fr.pc=0x00000246e4acd4e4 relative=0x0000000000000504
Event: 21.094 Thread 0x00000246f9752800 Uncommon trap: reason=unstable_if action=reinterpret pc=0x00000246e4acd4e4 method=com.sun.javafx.css.BitSet.add(Ljava/lang/Object;)Z @ 91 c2
Event: 21.094 Thread 0x00000246f9752800 DEOPT PACKING pc=0x00000246e4acd4e4 sp=0x0000007c5edfcc50
Event: 21.094 Thread 0x00000246f9752800 DEOPT UNPACKING pc=0x00000246dcfa912f sp=0x0000007c5edfcc00 mode 2
Event: 21.113 Thread 0x00000246f9752800 Uncommon trap: trap_request=0xffffff45 fr.pc=0x00000246e4aeda84 relative=0x0000000000001064
Event: 21.113 Thread 0x00000246f9752800 Uncommon trap: reason=unstable_if action=reinterpret pc=0x00000246e4aeda84 method=java.util.concurrent.ConcurrentHashMap.putVal(Ljava/lang/Object;Ljava/lang/Object;Z)Ljava/lang/Object; @ 148 c2
Event: 21.113 Thread 0x00000246f9752800 DEOPT PACKING pc=0x00000246e4aeda84 sp=0x0000007c5edfc6e0
Event: 21.113 Thread 0x00000246f9752800 DEOPT UNPACKING pc=0x00000246dcfa912f sp=0x0000007c5edfc670 mode 2

Classes unloaded (0 events):
No events

Classes redefined (0 events):
No events

Internal exceptions (20 events):
Event: 1.095 Thread 0x00000246f9752800 Exception <a 'java/lang/NoSuchMethodError'{0x000000070f49a900}: 'java.lang.Object java.lang.invoke.Invokers$Holder.linkToTargetMethod(java.lang.Object, int, java.lang.Object)'> (0x000000070f49a900) 
thrown [t:/workspace/open/src/hotspot/share/interpreter/linkResolver.cpp, line 767]
Event: 1.101 Thread 0x00000246f9752800 Implicit null exception at 0x00000246e4accc79 to 0x00000246e4acccda
Event: 1.105 Thread 0x00000246f9752800 Exception <a 'java/lang/NoSuchMethodError'{0x000000070f039250}: 'java.lang.Object java.lang.invoke.DirectMethodHandle$Holder.invokeInterface(java.lang.Object, java.lang.Object, java.lang.Object)'> (0x000000070f039250) 
thrown [t:/workspace/open/src/hotspot/share/interpreter/linkResolver.cpp, line 767]
Event: 1.106 Thread 0x00000246f9752800 Exception <a 'java/lang/IncompatibleClassChangeError'{0x000000070f03c0e0}: Found class java.lang.Object, but interface was expected> (0x000000070f03c0e0) 
thrown [t:/workspace/open/src/hotspot/share/interpreter/linkResolver.cpp, line 833]
Event: 1.165 Thread 0x00000246f9752800 Exception <a 'java/lang/NoSuchMethodError'{0x000000070eed0900}: 'void java.lang.invoke.DirectMethodHandle$Holder.invokeSpecialIFC(java.lang.Object, java.lang.Object, java.lang.Object, java.lang.Object)'> (0x000000070eed0900) 
thrown [t:/workspace/open/src/hotspot/share/interpreter/linkResolver.cpp, line 767]
Event: 1.171 Thread 0x00000246f9752800 Exception <a 'java/lang/ClassNotFoundException'{0x000000070ed1cd98}: com/sun/javafx/scene/control/skin/resources/controls> (0x000000070ed1cd98) 
thrown [t:/workspace/open/src/hotspot/share/prims/jni.cpp, line 619]
Event: 1.172 Thread 0x00000246f9752800 Exception <a 'java/lang/ClassNotFoundException'{0x000000070ed2a878}: com/sun/javafx/scene/control/skin/resources/controls_es> (0x000000070ed2a878) 
thrown [t:/workspace/open/src/hotspot/share/prims/jni.cpp, line 619]
Event: 1.173 Thread 0x00000246f9752800 Exception <a 'java/lang/ClassNotFoundException'{0x000000070ed38018}: com/sun/javafx/scene/control/skin/resources/controls_es_ES> (0x000000070ed38018) 
thrown [t:/workspace/open/src/hotspot/share/prims/jni.cpp, line 619]
Event: 1.288 Thread 0x00000246f9752800 Implicit null exception at 0x00000246e4aeff7f to 0x00000246e4af0636
Event: 1.427 Thread 0x00000246f9752800 Exception <a 'java/lang/NoSuchMethodError'{0x000000070e020158}: 'java.lang.Object java.lang.invoke.DirectMethodHandle$Holder.invokeStatic(java.lang.Object, java.lang.Object, int, int)'> (0x000000070e020158) 
thrown [t:/workspace/open/src/hotspot/share/interpreter/linkResolver.cpp, line 767]
Event: 1.427 Thread 0x00000246f9752800 Exception <a 'java/lang/NoSuchMethodError'{0x000000070e026180}: 'java.lang.Object java.lang.invoke.Invokers$Holder.linkToTargetMethod(java.lang.Object, int, int, java.lang.Object)'> (0x000000070e026180) 
thrown [t:/workspace/open/src/hotspot/share/interpreter/linkResolver.cpp, line 767]
Event: 1.468 Thread 0x00000246f98b6800 Exception <a 'java/lang/NoSuchMethodError'{0x000000070df99a38}: 'int java.lang.invoke.DirectMethodHandle$Holder.invokeStaticInit(java.lang.Object, java.lang.Object)'> (0x000000070df99a38) 
thrown [t:/workspace/open/src/hotspot/share/interpreter/linkResolver.cpp, line 767]
Event: 3.389 Thread 0x00000246f9752800 Implicit null exception at 0x00000246e4b75e52 to 0x00000246e4b78ffa
Event: 4.674 Thread 0x00000246f9752800 Exception <a 'java/lang/NoSuchMethodError'{0x000000070d946b48}: 'long java.lang.invoke.DirectMethodHandle$Holder.invokeStatic(java.lang.Object, java.lang.Object, java.lang.Object)'> (0x000000070d946b48) 
thrown [t:/workspace/open/src/hotspot/share/interpreter/linkResolver.cpp, line 767]
Event: 4.675 Thread 0x00000246f9752800 Exception <a 'java/lang/NoSuchMethodError'{0x000000070d9497f0}: 'long java.lang.invoke.DirectMethodHandle$Holder.invokeStaticInit(java.lang.Object, java.lang.Object, java.lang.Object)'> (0x000000070d9497f0) 
thrown [t:/workspace/open/src/hotspot/share/interpreter/linkResolver.cpp, line 767]
Event: 4.681 Thread 0x00000246f9752800 Exception <a 'java/lang/NoSuchMethodError'{0x000000070d95db70}: 'java.lang.Object java.lang.invoke.Invokers$Holder.linkToTargetMethod(java.lang.Object, long, java.lang.Object)'> (0x000000070d95db70) 
thrown [t:/workspace/open/src/hotspot/share/interpreter/linkResolver.cpp, line 767]
Event: 20.616 Thread 0x00000246f9752800 Exception <a 'java/lang/NoSuchMethodError'{0x000000070d72c570}: 'java.lang.Object java.lang.invoke.DirectMethodHandle$Holder.invokeStatic(java.lang.Object, java.lang.Object, int, int, int, int, int, java.lang.Object)'> (0x000000070d72c570) 
thrown [t:/workspace/open/src/hotspot/share/interpreter/linkResolver.cpp, line 767]
Event: 20.618 Thread 0x00000246f9752800 Exception <a 'java/lang/NoSuchMethodError'{0x000000070d73bb58}: 'java.lang.Object java.lang.invoke.DirectMethodHandle$Holder.invokeStatic(java.lang.Object, java.lang.Object, java.lang.Object, int, int, int, int, int)'> (0x000000070d73bb58) 
thrown [t:/workspace/open/src/hotspot/share/interpreter/linkResolver.cpp, line 767]
Event: 20.618 Thread 0x00000246f9752800 Exception <a 'java/lang/NoSuchMethodError'{0x000000070d7419e8}: 'java.lang.Object java.lang.invoke.Invokers$Holder.linkToTargetMethod(java.lang.Object, java.lang.Object, int, int, int, int, int, java.lang.Object)'> (0x000000070d7419e8) 
thrown [t:/workspace/open/src/hotspot/share/interpreter/linkResolver.cpp, line 767]
Event: 20.656 Thread 0x00000246f98b6800 Exception <a 'java/lang/NoSuchMethodError'{0x000000070dabcd88}: 'java.lang.Object java.lang.invoke.DirectMethodHandle$Holder.invokeStaticInit(java.lang.Object, int)'> (0x000000070dabcd88) 
thrown [t:/workspace/open/src/hotspot/share/interpreter/linkResolver.cpp, line 767]

Events (20 events):
Event: 21.116 loading class sun/text/resources/BreakIteratorResources
Event: 21.116 loading class sun/util/resources/BreakIteratorResourceBundle
Event: 21.117 loading class sun/util/resources/BreakIteratorResourceBundle done
Event: 21.117 loading class sun/text/resources/BreakIteratorResources done
Event: 21.119 loading class sun/text/RuleBasedBreakIterator
Event: 21.120 loading class sun/text/RuleBasedBreakIterator done
Event: 21.120 loading class sun/text/CompactByteArray
Event: 21.121 loading class sun/text/CompactByteArray done
Event: 21.121 loading class sun/text/SupplementaryCharacterData
Event: 21.121 loading class sun/text/SupplementaryCharacterData done
Event: 21.121 loading class java/text/BreakIterator$BreakIteratorCache
Event: 21.122 loading class java/text/BreakIterator$BreakIteratorCache done
Event: 21.160 loading class com/sun/javafx/tk/quantum/WindowStage
Event: 21.160 loading class com/sun/javafx/tk/quantum/WindowStage done
Event: 21.160 loading class com/sun/javafx/tk/quantum/GlassScene
Event: 21.160 loading class com/sun/javafx/tk/quantum/GlassScene done
Event: 21.161 loading class com/sun/javafx/tk/quantum/ViewScene
Event: 21.161 loading class com/sun/javafx/tk/quantum/ViewScene done
Event: 21.161 loading class com/sun/javafx/tk/quantum/WindowStage
Event: 21.161 loading class com/sun/javafx/tk/quantum/WindowStage done


Dynamic libraries:
0x00007ff7e3e10000 - 0x00007ff7e3e1f000 	C:\Program Files\Java\jdk-13.0.2\bin\java.exe
0x00007ffe556f0000 - 0x00007ffe558e5000 	C:\Windows\SYSTEM32\ntdll.dll
0x00007ffe53850000 - 0x00007ffe5390e000 	C:\Windows\System32\KERNEL32.DLL
0x00007ffe530e0000 - 0x00007ffe533a8000 	C:\Windows\System32\KERNELBASE.dll
0x00007ffe53480000 - 0x00007ffe53580000 	C:\Windows\System32\ucrtbase.dll
0x00007ffe4e960000 - 0x00007ffe4e978000 	C:\Program Files\Java\jdk-13.0.2\bin\jli.dll
0x00007ffe4e840000 - 0x00007ffe4e855000 	C:\Program Files\Java\jdk-13.0.2\bin\VCRUNTIME140.dll
0x00007ffe53970000 - 0x00007ffe53a1c000 	C:\Windows\System32\ADVAPI32.dll
0x00007ffe53b50000 - 0x00007ffe53bee000 	C:\Windows\System32\msvcrt.dll
0x00007ffe53bf0000 - 0x00007ffe53c8b000 	C:\Windows\System32\sechost.dll
0x00007ffe54e10000 - 0x00007ffe54f3a000 	C:\Windows\System32\RPCRT4.dll
0x00007ffe54fd0000 - 0x00007ffe55171000 	C:\Windows\System32\USER32.dll
0x00007ffe533b0000 - 0x00007ffe533d2000 	C:\Windows\System32\win32u.dll
0x00007ffe38580000 - 0x00007ffe3881a000 	C:\Windows\WinSxS\amd64_microsoft.windows.common-controls_6595b64144ccf1df_6.0.19041.1110_none_60b5254171f9507e\COMCTL32.dll
0x00007ffe55240000 - 0x00007ffe5526b000 	C:\Windows\System32\GDI32.dll
0x00007ffe52f70000 - 0x00007ffe5307b000 	C:\Windows\System32\gdi32full.dll
0x00007ffe533e0000 - 0x00007ffe5347d000 	C:\Windows\System32\msvcp_win.dll
0x00007ffe4da70000 - 0x00007ffe4da7a000 	C:\Windows\SYSTEM32\VERSION.dll
0x00007ffe555d0000 - 0x00007ffe55600000 	C:\Windows\System32\IMM32.DLL
0x00007ffe39ec0000 - 0x00007ffe39f5b000 	C:\Program Files\Java\jdk-13.0.2\bin\msvcp140.dll
0x00007ffdebeb0000 - 0x00007ffdeca0d000 	C:\Program Files\Java\jdk-13.0.2\bin\server\jvm.dll
0x00007ffe53740000 - 0x00007ffe53748000 	C:\Windows\System32\PSAPI.DLL
0x00007ffe4e980000 - 0x00007ffe4e989000 	C:\Windows\SYSTEM32\WSOCK32.dll
0x00007ffe4d430000 - 0x00007ffe4d457000 	C:\Windows\SYSTEM32\WINMM.dll
0x00007ffe544f0000 - 0x00007ffe5455b000 	C:\Windows\System32\WS2_32.dll
0x00007ffe50cf0000 - 0x00007ffe50d02000 	C:\Windows\SYSTEM32\kernel.appcore.dll
0x00007ffe4eac0000 - 0x00007ffe4ead0000 	C:\Program Files\Java\jdk-13.0.2\bin\verify.dll
0x00007ffe4b3c0000 - 0x00007ffe4b5a4000 	C:\Windows\SYSTEM32\DBGHELP.DLL
0x00007ffe3a4d0000 - 0x00007ffe3a4fc000 	C:\Windows\SYSTEM32\dbgcore.DLL
0x00007ffe53580000 - 0x00007ffe53603000 	C:\Windows\System32\bcryptPrimitives.dll
0x00007ffe35d60000 - 0x00007ffe35d86000 	C:\Program Files\Java\jdk-13.0.2\bin\java.dll
0x00007ffe39ea0000 - 0x00007ffe39eb7000 	C:\Program Files\Java\jdk-13.0.2\bin\zip.dll
0x00007ffe35d50000 - 0x00007ffe35d5a000 	C:\Program Files\Java\jdk-13.0.2\bin\jimage.dll
0x00007ffe53cf0000 - 0x00007ffe5442f000 	C:\Windows\System32\SHELL32.dll
0x00007ffe50ef0000 - 0x00007ffe51680000 	C:\Windows\SYSTEM32\windows.storage.dll
0x00007ffe55270000 - 0x00007ffe555c5000 	C:\Windows\System32\combase.dll
0x00007ffe52780000 - 0x00007ffe527ae000 	C:\Windows\SYSTEM32\Wldp.dll
0x00007ffe55600000 - 0x00007ffe556ad000 	C:\Windows\System32\SHCORE.dll
0x00007ffe551e0000 - 0x00007ffe55235000 	C:\Windows\System32\shlwapi.dll
0x00007ffe52d50000 - 0x00007ffe52d6f000 	C:\Windows\SYSTEM32\profapi.dll
0x00007ffe35d30000 - 0x00007ffe35d49000 	C:\Program Files\Java\jdk-13.0.2\bin\net.dll
0x00007ffe4b960000 - 0x00007ffe4ba6c000 	C:\Windows\SYSTEM32\WINHTTP.dll
0x00007ffe52560000 - 0x00007ffe525ca000 	C:\Windows\system32\mswsock.dll
0x00007ffe35d10000 - 0x00007ffe35d23000 	C:\Program Files\Java\jdk-13.0.2\bin\nio.dll
0x00000246d2a30000 - 0x00000246d2a33000 	C:\javafx-sdk-13.0.2\bin\api-ms-win-core-console-l1-1-0.dll
0x00000246d2a40000 - 0x00000246d2a43000 	C:\javafx-sdk-13.0.2\bin\api-ms-win-core-datetime-l1-1-0.dll
0x00000246d2a50000 - 0x00000246d2a53000 	C:\javafx-sdk-13.0.2\bin\api-ms-win-core-debug-l1-1-0.dll
0x00000246d2a60000 - 0x00000246d2a63000 	C:\javafx-sdk-13.0.2\bin\api-ms-win-core-errorhandling-l1-1-0.dll
0x00000246d2a70000 - 0x00000246d2a74000 	C:\javafx-sdk-13.0.2\bin\api-ms-win-core-file-l1-1-0.dll
0x00000246d49d0000 - 0x00000246d49d3000 	C:\javafx-sdk-13.0.2\bin\api-ms-win-core-file-l1-2-0.dll
0x00000246d49e0000 - 0x00000246d49e3000 	C:\javafx-sdk-13.0.2\bin\api-ms-win-core-file-l2-1-0.dll
0x00000246d49f0000 - 0x00000246d49f3000 	C:\javafx-sdk-13.0.2\bin\api-ms-win-core-handle-l1-1-0.dll
0x00000246d4a00000 - 0x00000246d4a03000 	C:\javafx-sdk-13.0.2\bin\api-ms-win-core-heap-l1-1-0.dll
0x00000246d4a10000 - 0x00000246d4a13000 	C:\javafx-sdk-13.0.2\bin\api-ms-win-core-interlocked-l1-1-0.dll
0x00000246d4a20000 - 0x00000246d4a23000 	C:\javafx-sdk-13.0.2\bin\api-ms-win-core-libraryloader-l1-1-0.dll
0x00000246fabc0000 - 0x00000246fabc3000 	C:\javafx-sdk-13.0.2\bin\api-ms-win-core-localization-l1-2-0.dll
0x00000246fabd0000 - 0x00000246fabd3000 	C:\javafx-sdk-13.0.2\bin\api-ms-win-core-memory-l1-1-0.dll
0x00000246fabe0000 - 0x00000246fabe3000 	C:\javafx-sdk-13.0.2\bin\api-ms-win-core-namedpipe-l1-1-0.dll
0x00000246fabf0000 - 0x00000246fabf3000 	C:\javafx-sdk-13.0.2\bin\api-ms-win-core-processenvironment-l1-1-0.dll
0x00000246fac00000 - 0x00000246fac03000 	C:\javafx-sdk-13.0.2\bin\api-ms-win-core-processthreads-l1-1-0.dll
0x00000246fac10000 - 0x00000246fac13000 	C:\javafx-sdk-13.0.2\bin\api-ms-win-core-processthreads-l1-1-1.dll
0x00000246fac20000 - 0x00000246fac23000 	C:\javafx-sdk-13.0.2\bin\api-ms-win-core-profile-l1-1-0.dll
0x00000246fac30000 - 0x00000246fac33000 	C:\javafx-sdk-13.0.2\bin\api-ms-win-core-rtlsupport-l1-1-0.dll
0x00000246fac40000 - 0x00000246fac43000 	C:\javafx-sdk-13.0.2\bin\api-ms-win-core-string-l1-1-0.dll
0x00000246fac50000 - 0x00000246fac53000 	C:\javafx-sdk-13.0.2\bin\api-ms-win-core-synch-l1-1-0.dll
0x00000246fac60000 - 0x00000246fac63000 	C:\javafx-sdk-13.0.2\bin\api-ms-win-core-synch-l1-2-0.dll
0x00000246fac70000 - 0x00000246fac73000 	C:\javafx-sdk-13.0.2\bin\api-ms-win-core-sysinfo-l1-1-0.dll
0x00000246fac80000 - 0x00000246fac83000 	C:\javafx-sdk-13.0.2\bin\api-ms-win-core-timezone-l1-1-0.dll
0x00000246fac90000 - 0x00000246fac93000 	C:\javafx-sdk-13.0.2\bin\api-ms-win-core-util-l1-1-0.dll
0x00000246faca0000 - 0x00000246faca3000 	C:\javafx-sdk-13.0.2\bin\api-ms-win-crt-conio-l1-1-0.dll
0x00000246facb0000 - 0x00000246facb4000 	C:\javafx-sdk-13.0.2\bin\api-ms-win-crt-convert-l1-1-0.dll
0x00000246facc0000 - 0x00000246facc3000 	C:\javafx-sdk-13.0.2\bin\api-ms-win-crt-environment-l1-1-0.dll
0x00000246facd0000 - 0x00000246facd3000 	C:\javafx-sdk-13.0.2\bin\api-ms-win-crt-filesystem-l1-1-0.dll
0x00000246face0000 - 0x00000246face3000 	C:\javafx-sdk-13.0.2\bin\api-ms-win-crt-heap-l1-1-0.dll
0x00000246facf0000 - 0x00000246facf3000 	C:\javafx-sdk-13.0.2\bin\api-ms-win-crt-locale-l1-1-0.dll
0x00000246fad00000 - 0x00000246fad05000 	C:\javafx-sdk-13.0.2\bin\api-ms-win-crt-math-l1-1-0.dll
0x00000246fad10000 - 0x00000246fad15000 	C:\javafx-sdk-13.0.2\bin\api-ms-win-crt-multibyte-l1-1-0.dll
0x00000246fad20000 - 0x00000246fad30000 	C:\javafx-sdk-13.0.2\bin\api-ms-win-crt-private-l1-1-0.dll
0x00000246fad30000 - 0x00000246fad33000 	C:\javafx-sdk-13.0.2\bin\api-ms-win-crt-process-l1-1-0.dll
0x00000246fad40000 - 0x00000246fad44000 	C:\javafx-sdk-13.0.2\bin\api-ms-win-crt-runtime-l1-1-0.dll
0x00000246fad50000 - 0x00000246fad54000 	C:\javafx-sdk-13.0.2\bin\api-ms-win-crt-stdio-l1-1-0.dll
0x00000246fad60000 - 0x00000246fad64000 	C:\javafx-sdk-13.0.2\bin\api-ms-win-crt-string-l1-1-0.dll
0x00000246fad70000 - 0x00000246fad73000 	C:\javafx-sdk-13.0.2\bin\api-ms-win-crt-time-l1-1-0.dll
0x00000246fad80000 - 0x00000246fad83000 	C:\javafx-sdk-13.0.2\bin\api-ms-win-crt-utility-l1-1-0.dll
0x00007ffe35c10000 - 0x00007ffe35d0c000 	C:\javafx-sdk-13.0.2\bin\ucrtbase.dll
0x00007ffe35bf0000 - 0x00007ffe35c05000 	C:\javafx-sdk-13.0.2\bin\vcruntime140.dll
0x00007ffe29ca0000 - 0x00007ffe29d3b000 	C:\javafx-sdk-13.0.2\bin\msvcp140.dll
0x00007ffe2a950000 - 0x00007ffe2a9a1000 	C:\javafx-sdk-13.0.2\bin\concrt140.dll
0x00007ffe2b7f0000 - 0x00007ffe2b813000 	C:\javafx-sdk-13.0.2\bin\prism_d3d.dll
0x00007ffe3f6d0000 - 0x00007ffe3f89e000 	C:\Windows\system32\d3d9.dll
0x00007ffe50a00000 - 0x00007ffe50a2f000 	C:\Windows\SYSTEM32\dwmapi.dll
0x00007ffe50810000 - 0x00007ffe508ae000 	C:\Windows\system32\uxtheme.dll
0x00007ffe4ba70000 - 0x00007ffe4bb72000 	C:\Windows\System32\DriverStore\FileRepository\nv_dispi.inf_amd64_1c83a5d7cffd7bff\nvldumdx.dll
0x00007ffe529f0000 - 0x00007ffe52a02000 	C:\Windows\SYSTEM32\msasn1.dll
0x00007ffe4cdb0000 - 0x00007ffe4cde1000 	C:\Windows\SYSTEM32\cryptnet.dll
0x00007ffe52e10000 - 0x00007ffe52f66000 	C:\Windows\System32\CRYPT32.dll
0x00007ffe526f0000 - 0x00007ffe526fc000 	C:\Windows\SYSTEM32\cryptbase.dll
0x00007ffe53080000 - 0x00007ffe530e0000 	C:\Windows\System32\WINTRUST.DLL
0x00007ffe53750000 - 0x00007ffe5376d000 	C:\Windows\System32\imagehlp.dll
0x00007ffe527c0000 - 0x00007ffe527d8000 	C:\Windows\SYSTEM32\CRYPTSP.dll
0x00007ffe51e80000 - 0x00007ffe51eb4000 	C:\Windows\system32\rsaenh.dll
0x00007ffe53610000 - 0x00007ffe53637000 	C:\Windows\System32\bcrypt.dll
0x00007ffdea490000 - 0x00007ffdebeab000 	C:\Windows\System32\DriverStore\FileRepository\nv_dispi.inf_amd64_1c83a5d7cffd7bff\nvd3dumx.dll
0x00007ffe2a1f0000 - 0x00007ffe2a235000 	C:\javafx-sdk-13.0.2\bin\glass.dll
0x00007ffe53770000 - 0x00007ffe5384a000 	C:\Windows\System32\COMDLG32.dll
0x00007ffe54ce0000 - 0x00007ffe54e0a000 	C:\Windows\System32\ole32.dll
0x00007ffe54560000 - 0x00007ffe5462d000 	C:\Windows\System32\OLEAUT32.dll
0x00007ffe53a30000 - 0x00007ffe53b45000 	C:\Windows\System32\MSCTF.dll
0x00007ffe51690000 - 0x00007ffe516b3000 	C:\Windows\SYSTEM32\gpapi.dll
0x00007ffe4bcf0000 - 0x00007ffe4bd2b000 	C:\Windows\SYSTEM32\dxcore.dll
0x00007ffe536f0000 - 0x00007ffe5373e000 	C:\Windows\System32\cfgmgr32.dll
0x00007ffe35bd0000 - 0x00007ffe35be4000 	C:\javafx-sdk-13.0.2\bin\javafx_font.dll
0x00007ffe30ac0000 - 0x00007ffe30d43000 	C:\Windows\SYSTEM32\dwrite.dll
0x00007ffe29120000 - 0x00007ffe29154000 	C:\Users\angel\AppData\Local\Temp\jSerialComm\1653684754323-jSerialComm.dll
0x00007ffe54860000 - 0x00007ffe54cd2000 	C:\Windows\System32\SETUPAPI.dll
0x00007ffe52bb0000 - 0x00007ffe52be4000 	C:\Windows\SYSTEM32\DEVOBJ.dll
0x00007ffe54430000 - 0x00007ffe544d9000 	C:\Windows\System32\clbcatq.dll
0x00007ffe4d4d0000 - 0x00007ffe4d684000 	C:\Windows\SYSTEM32\WindowsCodecs.dll
0x00007ffe2e970000 - 0x00007ffe2e9ae000 	C:\Windows\system32\dataexchange.dll
0x00007ffe4edb0000 - 0x00007ffe4f014000 	C:\Windows\system32\d3d11.dll
0x00007ffe4fa40000 - 0x00007ffe4fc25000 	C:\Windows\system32\dcomp.dll
0x00007ffe516c0000 - 0x00007ffe517b4000 	C:\Windows\system32\dxgi.dll
0x00007ffe4d820000 - 0x00007ffe4da21000 	C:\Windows\system32\twinapi.appcore.dll
0x00007ffe290e0000 - 0x00007ffe29114000 	C:\Program Files\Common Files\Microsoft Shared\Ink\rtscom.dll
0x00007ffe334c0000 - 0x00007ffe335b9000 	C:\Windows\SYSTEM32\textinputframework.dll
0x00007ffe4ffb0000 - 0x00007ffe5030e000 	C:\Windows\System32\CoreUIComponents.dll
0x00007ffe50310000 - 0x00007ffe50402000 	C:\Windows\System32\CoreMessaging.dll
0x00007ffe51ac0000 - 0x00007ffe51af3000 	C:\Windows\SYSTEM32\ntmarta.dll

dbghelp: loaded successfully - version: 4.0.5 - missing functions: none
symbol engine: initialized successfully - sym options: 0x614 - pdb path: .;C:\Program Files\Java\jdk-13.0.2\bin;C:\Windows\SYSTEM32;C:\Windows\WinSxS\amd64_microsoft.windows.common-controls_6595b64144ccf1df_6.0.19041.1110_none_60b5254171f9507e;C:\Program Files\Java\jdk-13.0.2\bin\server;C:\javafx-sdk-13.0.2\bin;C:\Windows\System32\DriverStore\FileRepository\nv_dispi.inf_amd64_1c83a5d7cffd7bff;C:\Users\angel\AppData\Local\Temp\jSerialComm;C:\Program Files\Common Files\Microsoft Shared\Ink;C:\Windows\WinSxS\amd64_microsoft.windows.gdiplus_6595b64144ccf1df_1.1.19041.1348_none_91a2627ccc89e3fb;C:\Users\angel\AppData\Local\Microsoft\OneDrive\22.089.0426.0003

VM Arguments:
jvm_args: -Dfile.encoding=UTF-8 --module-path=C:\java fx-sdk-13.0.2\lib --add-modules=javafx.controls,javafx.fxml --module-path=C:\Users\angel\Documents\NetBeansProjects\BiaxialTester\build\classes;C:\javafx-sdk-13.0.2\lib\javafx-swt.jar;C:\javafx-sdk-13.0.2\lib\javafx.base.jar;C:\javafx-sdk-13.0.2\lib\javafx.controls.jar;C:\javafx-sdk-13.0.2\lib\javafx.fxml.jar;C:\javafx-sdk-13.0.2\lib\javafx.graphics.jar;C:\javafx-sdk-13.0.2\lib\javafx.media.jar;C:\javafx-sdk-13.0.2\lib\javafx.swing.jar;C:\javafx-sdk-13.0.2\lib\javafx.web.jar 
java_command: biaxialtester.BiaxialTesterMain
java_class_path (initial): C:\javafx-sdk-13.0.2\lib\javafx-swt.jar;C:\javafx-sdk-13.0.2\lib\javafx.base.jar;C:\javafx-sdk-13.0.2\lib\javafx.controls.jar;C:\javafx-sdk-13.0.2\lib\javafx.fxml.jar;C:\javafx-sdk-13.0.2\lib\javafx.graphics.jar;C:\javafx-sdk-13.0.2\lib\javafx.media.jar;C:\javafx-sdk-13.0.2\lib\javafx.swing.jar;C:\javafx-sdk-13.0.2\lib\javafx.web.jar;C:\Users\angel\Desktop\jSerialComm-2.9.1.jar;C:\Users\angel\Documents\NetBeansProjects\BiaxialTester\build\classes
Launcher Type: SUN_STANDARD

[Global flags]
     intx CICompilerCount                          = 4                                         {product} {ergonomic}
     uint ConcGCThreads                            = 2                                         {product} {ergonomic}
     uint G1ConcRefinementThreads                  = 8                                         {product} {ergonomic}
   size_t G1HeapRegionSize                         = 1048576                                   {product} {ergonomic}
    uintx GCDrainStackTargetSize                   = 64                                        {product} {ergonomic}
   size_t InitialHeapSize                          = 268435456                                 {product} {ergonomic}
   size_t MarkStackSize                            = 4194304                                   {product} {ergonomic}
   size_t MaxHeapSize                              = 4282384384                                {product} {ergonomic}
   size_t MaxNewSize                               = 2569011200                                {product} {ergonomic}
   size_t MinHeapDeltaBytes                        = 1048576                                   {product} {ergonomic}
   size_t MinHeapSize                              = 8388608                                   {product} {ergonomic}
    uintx NonNMethodCodeHeapSize                   = 5839372                                {pd product} {ergonomic}
    uintx NonProfiledCodeHeapSize                  = 122909434                              {pd product} {ergonomic}
    uintx ProfiledCodeHeapSize                     = 122909434                              {pd product} {ergonomic}
    uintx ReservedCodeCacheSize                    = 251658240                              {pd product} {ergonomic}
     bool SegmentedCodeCache                       = true                                      {product} {ergonomic}
   size_t SoftMaxHeapSize                          = 4282384384                             {manageable} {ergonomic}
     bool UseCompressedClassPointers               = true                                 {lp64_product} {ergonomic}
     bool UseCompressedOops                        = true                                 {lp64_product} {ergonomic}
     bool UseG1GC                                  = true                                      {product} {ergonomic}
     bool UseLargePagesIndividualAllocation        = false                                  {pd product} {ergonomic}

Logging:
Log output configuration:
 #0: stdout all=warning uptime,level,tags
 #1: stderr all=off uptime,level,tags

Environment Variables:
PATH=C:\Program Files (x86)\Common Files\Oracle\Java\javapath;C:\Program Files\Common Files\Oracle\Java\javapath;C:\Python39\Scripts\;C:\Python39\;C:\Windows\system32;C:\Windows;C:\Windows\System32\Wbem;C:\Windows\System32\WindowsPowerShell\v1.0\;C:\Windows\System32\OpenSSH\;C:\Program Files\nodejs\;C:\ProgramData\chocolatey\bin;;D:\page;C:\Users\angel\AppData\Local\Microsoft\WindowsApps;C:\Users\angel\AppData\Local\Programs\Microsoft VS Code\bin;C:\Users\angel\AppData\Roaming\npm;C:\Users\angel\AppData\Local\GitHubDesktop\bin
USERNAME=angel
OS=Windows_NT
PROCESSOR_IDENTIFIER=Intel64 Family 6 Model 60 Stepping 3, GenuineIntel



---------------  S Y S T E M  ---------------

OS: Windows 10 , 64 bit Build 19041 (10.0.19041.1348)
HyperV virtualization detected

CPU:total 8 (initial active 8) (4 cores per cpu, 2 threads per core) family 6 model 60 stepping 3, cmov, cx8, fxsr, mmx, sse, sse2, sse3, ssse3, sse4.1, sse4.2, popcnt, avx, avx2, aes, clmul, erms, lzcnt, ht, tsc, tscinvbit, bmi1, bmi2, fma

Memory: 4k page, system-wide physical 16335M (8674M free)
TotalPageFile size 18767M (AvailPageFile size 6666M)
current process WorkingSet (physical memory assigned to process): 191M, peak: 200M
current process commit charge ("private bytes"): 454M, peak: 470M

vm_info: Java HotSpot(TM) 64-Bit Server VM (13.0.2+8) for windows-amd64 JRE (13.0.2+8), built on Dec 11 2019 09:20:33 by "mach5one" with unknown MS VC++:1916

END.
